2016-08-16 23:17:28,799 INFO     king       獲取URLS成功

2016-08-16 23:17:29,539 INFO     king       Python 返回URUL:http://tieba.baidu.com/f?kw=權利的遊戲&ie=utf-8&pn=0  數據成功

2016-08-16 23:17:30,015 INFO     king       獲取標題為<<【整理】權利的遊戲1-6季高清無刪減 要的加whpu4610>>的項成功 ...

2016-08-16 23:17:30,019 INFO     king       獲取標題為<<權利的遊戲有愛se群45035'597，哈哈>>的項成功 ...

2016-08-16 23:17:30,022 INFO     king       獲取標題為<<首發 權利的遊戲全集在線秒發>>的項成功 ...

2016-08-16 23:17:30,026 INFO     king       獲取標題為<<【精品】權利的遊戲1-6季全季全集已經整理好，高清藍光熟肉未刪>>的項成功 ...

2016-08-16 23:17:30,030 INFO     king       獲取標題為<<權利的遊戲 ，1-6全 高清無刪減>>的項成功 ...

2016-08-16 23:17:30,036 INFO     king       獲取標題為<<【整理】權力的遊戲1-6季全季全集整合好了，高清熟肉未刪減版！>>的項成功 ...

2016-08-16 23:17:30,039 INFO     king       獲取標題為<<吐血整理1-6季無刪減高清>>的項成功 ...

2016-08-16 23:17:30,043 INFO     king       獲取標題為<<【權力的遊戲】嘔血整理1-6季全無刪減 高清中英雙字幕>>的項成功 ...

2016-08-16 23:17:30,049 INFO     king       獲取標題為<<【全網最高清藍光】權力的遊戲 1-6季 全季無刪減>>的項成功 ...

2016-08-16 23:17:30,053 INFO     king       獲取標題為<<來不及解釋了wo>>的項成功 ...

2016-08-16 23:17:30,056 INFO     king       獲取標題為<<權利的遊戲 1-6季 全>>的項成功 ...

2016-08-16 23:17:30,062 INFO     king       獲取標題為<<權利的遊戲1-6熟肉>>的項成功 ...

2016-08-16 23:17:30,068 INFO     king       獲取標題為<<權利的遊戲！>>的項成功 ...

2016-08-16 23:17:30,072 INFO     king       獲取標題為<<大型資源站，權力遊戲>>的項成功 ...

2016-08-16 23:17:30,076 INFO     king       獲取標題為<<權利的遊戲 1-6季 全高清整理，無刪減>>的項成功 ...

2016-08-16 23:17:30,081 INFO     king       獲取標題為<<權利的遊戲1-6季集齊了奧>>的項成功 ...

2016-08-16 23:17:30,085 INFO     king       獲取標題為<<給你一個最新的1。8。🈲。片>>的項成功 ...

2016-08-16 23:17:30,089 INFO     king       獲取標題為<<權力的遊戲>>的項成功 ...

2016-08-16 23:17:30,094 INFO     king       獲取標題為<<權力的遊戲■行屍走肉■斯巴達克斯■無恥之徒等等百部美劇！>>的項成功 ...

2016-08-16 23:17:30,098 INFO     king       獲取標題為<<【1-6】全集高清。我剛剛看完。結局太狗血了。你們自己看吧>>的項成功 ...

2016-08-16 23:17:30,101 INFO     king       獲取標題為<<【TO權迷】你們愛的權游！1-6季高清無刪減版精心整理！FOR YOU~>>的項成功 ...

2016-08-16 23:17:30,105 INFO     king       獲取標題為<<權利的遊戲，1到6季高清無刪減，吐血整理>>的項成功 ...

2016-08-16 23:17:30,108 INFO     king       獲取標題為<<權利的遊戲>>的項成功 ...

2016-08-16 23:17:30,112 INFO     king       獲取標題為<<權利的遊戲  1-6季  全高清整理，無刪減>>的項成功 ...

2016-08-16 23:17:30,118 INFO     king       獲取標題為<<【真■發】權力的遊戲1-6季無刪！無償FX！>>的項成功 ...

2016-08-16 23:17:30,121 INFO     king       獲取標題為<<【時光】我用一年，見證情感。[尋找兄妹及秀貼。]>>的項成功 ...

2016-08-16 23:17:30,128 INFO     king       獲取標題為<<【權利的遊戲】全部六季已經整理好了！！>>的項成功 ...

2016-08-16 23:17:30,131 INFO     king       獲取標題為<<【TO權迷】你們愛的權游！1-6季高清無刪減版精心整理！FOR YOU~>>的項成功 ...

2016-08-16 23:17:30,135 INFO     king       獲取標題為<<【權力的遊戲】1-6季HD未刪減版，整理合集>>的項成功 ...

2016-08-16 23:17:30,141 INFO     king       獲取標題為<<交行網申教程>>的項成功 ...

2016-08-16 23:17:30,144 INFO     king       獲取標題為<<權利的遊戲1-6高清無刪減>>的項成功 ...

2016-08-16 23:17:30,150 INFO     king       獲取標題為<<【放大招】權利的遊戲超清藍光典藏版>>的項成功 ...

2016-08-16 23:17:30,154 INFO     king       獲取標題為<<【權力的遊戲】1-6季 超清無刪減雙語字幕 吐血整理>>的項成功 ...

2016-08-16 23:17:30,157 INFO     king       獲取標題為<<【資源】各種韓國小電影 動畫片電視劇 熱門電影>>的項成功 ...

2016-08-16 23:17:30,161 INFO     king       獲取標題為<<權利的遊戲6季>>的項成功 ...

2016-08-16 23:17:30,164 INFO     king       獲取標題為<<街坊鄰居>>的項成功 ...

2016-08-16 23:17:30,168 INFO     king       獲取標題為<<【資源】你要的我都有>>的項成功 ...

2016-08-16 23:17:30,171 INFO     king       獲取標題為<<權利的遊戲1-6無刪減全集高清【整理】在線觀看>>的項成功 ...

2016-08-16 23:17:30,176 INFO     king       獲取標題為<<權利的遊戲1-6季全集>>的項成功 ...

2016-08-16 23:17:30,180 INFO     king       獲取標題為<<權利的遊戲1-6季高清無刪減~~>>的項成功 ...

2016-08-16 23:17:30,183 INFO     king       獲取標題為<<1-6全！！>>的項成功 ...

2016-08-16 23:17:30,187 INFO     king       獲取標題為<<冰與火之歌>>的項成功 ...

2016-08-16 23:17:30,190 INFO     king       獲取標題為<<權利的遊戲>>的項成功 ...

2016-08-16 23:17:30,194 INFO     king       獲取標題為<<奇葩……被美女強吻後，我的嘴腐爛了！>>的項成功 ...

2016-08-16 23:17:30,198 INFO     king       獲取標題為<<權利的遊戲1~6季絕對高清無刪減！！！>>的項成功 ...

2016-08-16 23:17:30,203 INFO     king       獲取標題為<<江湖象棋殘局 第254集 馬兵巧殺炮五卒，悶殺掛角記清楚>>的項成功 ...

2016-08-16 23:17:30,207 INFO     king       獲取標題為<<自殺小隊，老九門，微微，夏有喬木等無常>>的項成功 ...

2016-08-16 23:17:30,210 INFO     king       獲取標題為<<吐血整理全季全集無刪節 需要的寶寶來 老司機開車了>>的項成功 ...

2016-08-16 23:17:30,601 INFO     king       Python 返回URUL:http://tieba.baidu.com/f?kw=權利的遊戲&ie=utf-8&pn=50  數據成功

2016-08-16 23:17:31,002 INFO     king       獲取標題為<<權利的遊戲  1-6季全 高清無刪減 分享了>>的項成功 ...

2016-08-16 23:17:31,006 INFO     king       獲取標題為<<權利的遊戲>>的項成功 ...

2016-08-16 23:17:31,010 INFO     king       獲取標題為<<權利的遊戲，全>>的項成功 ...

2016-08-16 23:17:31,015 INFO     king       獲取標題為<<1~6高清私>>的項成功 ...

2016-08-16 23:17:31,019 INFO     king       獲取標題為<<【權力的遊戲】6_季_度_盤_合_集>>的項成功 ...

2016-08-16 23:17:31,023 INFO     king       獲取標題為<<真的不錯哦０S提>>的項成功 ...

2016-08-16 23:17:31,026 INFO     king       獲取標題為<<淚崩，花甲老人借錢買藏品獨自離去，引發專家爭議>>的項成功 ...

2016-08-16 23:17:31,030 INFO     king       獲取標題為<<iphone或者ipad，每天體驗app就有8O～1OO，月3000>>的項成功 ...

2016-08-16 23:17:31,035 INFO     king       獲取標題為<<權力的遊戲>>的項成功 ...

2016-08-16 23:17:31,039 INFO     king       獲取標題為<<嚶嚶嚶   加油>>的項成功 ...

2016-08-16 23:17:31,042 INFO     king       獲取標題為<<權力1-6無刪減>>的項成功 ...

2016-08-16 23:17:31,046 INFO     king       獲取標題為<<1~6季全看完了>>的項成功 ...

2016-08-16 23:17:31,051 INFO     king       獲取標題為<<權利的遊戲  1-6全季超清無刪>>的項成功 ...

2016-08-16 23:17:31,055 INFO     king       獲取標題為<<權利的遊戲 全季1-6超清無刪減>>的項成功 ...

2016-08-16 23:17:31,059 INFO     king       獲取標題為<<1-6季高清無刪減>>的項成功 ...

2016-08-16 23:17:31,062 INFO     king       獲取標題為<<權利的遊戲1-6 全精校字幕版，不用等，秒發！>>的項成功 ...

2016-08-16 23:17:31,066 INFO     king       獲取標題為<<【全網最超清藍光】權力的遊戲 1-6季 全季無刪減>>的項成功 ...

2016-08-16 23:17:31,071 INFO     king       獲取標題為<<脫吧女神 扒扒患“秒刪癌”的歐弟是如何練就一顆“玻璃心”的！>>的項成功 ...

2016-08-16 23:17:31,075 INFO     king       獲取標題為<<誠信>>的項成功 ...

2016-08-16 23:17:31,079 INFO     king       獲取標題為<<談談如何看美劇>>的項成功 ...

2016-08-16 23:17:31,082 INFO     king       獲取標題為<<1到6>>的項成功 ...

2016-08-16 23:17:31,086 INFO     king       獲取標題為<<權利的遊戲  高清未刪減版  一到六季都有喔>>的項成功 ...

2016-08-16 23:17:31,091 INFO     king       獲取標題為<<權利的遊戲 1-6  藍光未刪減 超多汁源 無私分享>>的項成功 ...

2016-08-16 23:17:31,095 INFO     king       獲取標題為<<古代兵器圖片欣賞，記得暖暖。>>的項成功 ...

2016-08-16 23:17:31,099 INFO     king       獲取標題為<<權利的遊戲>>的項成功 ...

2016-08-16 23:17:31,102 INFO     king       獲取標題為<<權利遊戲1到6季>>的項成功 ...

2016-08-16 23:17:31,107 INFO     king       獲取標題為<<【整理】權力的遊戲1-6季全季全集整合好了，高清熟肉未刪減版>>的項成功 ...

2016-08-16 23:17:31,111 INFO     king       獲取標題為<<權利遊戲1-6季>>的項成功 ...

2016-08-16 23:17:31,117 INFO     king       獲取標題為<<日本逼迫少女淪為慰安婦，近日被美國人公開！看哭了~>>的項成功 ...

2016-08-16 23:17:31,121 INFO     king       獲取標題為<<你會這麼寵你女朋友嗎>>的項成功 ...

2016-08-16 23:17:31,125 INFO     king       獲取標題為<<第一季到第五季資源，百度網盤- ->>的項成功 ...

2016-08-16 23:17:31,128 INFO     king       獲取標題為<<權力的遊戲一到六季～高清雙字幕無刪減哦～>>的項成功 ...

2016-08-16 23:17:31,132 INFO     king       獲取標題為<<權利的遊戲以外的東西   好搞笑>>的項成功 ...

2016-08-16 23:17:31,137 INFO     king       獲取標題為<<權力的遊戲>>的項成功 ...

2016-08-16 23:17:31,141 INFO     king       獲取標題為<<權利的遊戲1~6集高清未刪節   想看的私我！>>的項成功 ...

2016-08-16 23:17:31,144 INFO     king       獲取標題為<<權力的遊戲一到六季～高清雙語字幕無刪減～要的戳進來～)>>的項成功 ...

2016-08-16 23:17:31,148 INFO     king       獲取標題為<<男孩幫朋友去藥店買保健品，然後就尷尬了>>的項成功 ...

2016-08-16 23:17:31,153 INFO     king       獲取標題為<<權利的遊戲1-6整理>>的項成功 ...

2016-08-16 23:17:31,157 INFO     king       獲取標題為<<【全季高清無刪減】權利的遊戲1-6全季 愛心大放送>>的項成功 ...

2016-08-16 23:17:31,161 INFO     king       獲取標題為<<哈哈，前幾天剛看完，嗚嗚>>的項成功 ...

2016-08-16 23:17:31,164 INFO     king       獲取標題為<<權利的遊戲1~6季高清無刪減！>>的項成功 ...

2016-08-16 23:17:31,168 INFO     king       獲取標題為<<權力遊戲1--6季全集已看完，要的私>>的項成功 ...

2016-08-16 23:17:31,171 INFO     king       獲取標題為<<6全，沒看的大方爽快寶寶來>>的項成功 ...

2016-08-16 23:17:31,177 INFO     king       獲取標題為<<權利的遊戲，1－6季～高清無刪減版>>的項成功 ...

2016-08-16 23:17:31,180 INFO     king       獲取標題為<<權利的遊戲1-6集高清無刪減來啦>>的項成功 ...

2016-08-16 23:17:31,184 INFO     king       獲取標題為<<權利的遊戲1-6集>>的項成功 ...

2016-08-16 23:17:31,187 INFO     king       獲取標題為<<權利的遊戲>>的項成功 ...

2016-08-16 23:17:31,191 INFO     king       獲取標題為<<權利的遊戲無刪減哈哈哈>>的項成功 ...

2016-08-16 23:17:31,196 INFO     king       獲取標題為<<第6季 何時出來！美劇看的基本沒有了>>的項成功 ...

2016-08-16 23:17:31,200 INFO     king       獲取標題為<<一言不合就發帖>>的項成功 ...

2016-08-16 23:17:31,667 INFO     king       Python 返回URUL:http://tieba.baidu.com/f?kw=權利的遊戲&ie=utf-8&pn=100  數據成功

2016-08-16 23:17:32,056 INFO     king       獲取標題為<<有人嗎>>的項成功 ...

2016-08-16 23:17:32,062 INFO     king       獲取標題為<<權利的遊戲1-6高清無刪珍藏版>>的項成功 ...

2016-08-16 23:17:32,066 INFO     king       獲取標題為<<【高清】權利的遊戲1―6季速取！>>的項成功 ...

2016-08-16 23:17:32,069 INFO     king       獲取標題為<<【權力的遊戲】>>的項成功 ...

2016-08-16 23:17:32,073 INFO     king       獲取標題為<<開車別惹戴頭盔的！因為騎摩托車的脾氣都很暴躁>>的項成功 ...

2016-08-16 23:17:32,078 INFO     king       獲取標題為<<權力的遊戲6季呦>>的項成功 ...

2016-08-16 23:17:32,082 INFO     king       獲取標題為<<【妹妹·交流】【圖樓】BAALAA>>的項成功 ...

2016-08-16 23:17:32,086 INFO     king       獲取標題為<<【精品】權利的遊戲1-6季全季全集已經整理好，高清藍光熟肉未刪>>的項成功 ...

2016-08-16 23:17:32,089 INFO     king       獲取標題為<<權利的遊戲第六季>>的項成功 ...

2016-08-16 23:17:32,094 INFO     king       獲取標題為<<權利的遊戲>>的項成功 ...

2016-08-16 23:17:32,098 INFO     king       獲取標題為<<權利遊戲>>的項成功 ...

2016-08-16 23:17:32,101 INFO     king       獲取標題為<<【資源】感覺還是冰與火之歌這個名字好聽些，戳進來分享>>的項成功 ...

2016-08-16 23:17:32,105 INFO     king       獲取標題為<<1-6季 持續更新>>的項成功 ...

2016-08-16 23:17:32,109 INFO     king       獲取標題為<<權利的遊戲 一到六季 ➕薇；GIUSI2908>>的項成功 ...

2016-08-16 23:17:32,114 INFO     king       獲取標題為<<權力遊戲六季全集，冰與火小說前傳>>的項成功 ...

2016-08-16 23:17:32,118 INFO     king       獲取標題為<<權利的遊戲1-6季免費送>>的項成功 ...

2016-08-16 23:17:32,121 INFO     king       獲取標題為<<權利的遊戲1-6季 高清無刪減 寶寶整理好分享給大家哦 樓扣1>>的項成功 ...

2016-08-16 23:17:32,125 INFO     king       獲取標題為<<《權力的遊戲》>>的項成功 ...

2016-08-16 23:17:32,130 INFO     king       獲取標題為<<1-6季高清無刪減>>的項成功 ...

2016-08-16 23:17:32,134 INFO     king       獲取標題為<<自殺小隊，怪奇物語，使徒行者，盜墓筆記>>的項成功 ...

2016-08-16 23:17:32,138 INFO     king       獲取標題為<<權利的遊戲，超清或藍光，我直接給紅包，>>的項成功 ...

2016-08-16 23:17:32,141 INFO     king       獲取標題為<<權力的遊戲s1—s6高清未刪>>的項成功 ...

2016-08-16 23:17:32,145 INFO     king       獲取標題為<<權利的遊戲1到6來吧>>的項成功 ...

2016-08-16 23:17:32,150 INFO     king       獲取標題為<<千年古屍出土，天地為之色變！>>的項成功 ...

2016-08-16 23:17:32,153 INFO     king       獲取標題為<<權利的遊戲1-6全集>>的項成功 ...

2016-08-16 23:17:32,157 INFO     king       獲取標題為<<看完權游1~6季了，被龍母美哭>>的項成功 ...

2016-08-16 23:17:32,161 INFO     king       獲取標題為<<七旬老人用刀出神入化，竟能在紙上刻出牛鬼蛇神，卻後繼無人！>>的項成功 ...

2016-08-16 23:17:32,164 INFO     king       獲取標題為<<免費給沒人頂，>>的項成功 ...

2016-08-16 23:17:32,168 INFO     king       獲取標題為<<權利的遊戲1~6季整理好的,高清>>的項成功 ...

2016-08-16 23:17:32,173 INFO     king       獲取標題為<<權利的遊戲全季>>的項成功 ...

2016-08-16 23:17:32,177 INFO     king       獲取標題為<<小妮子的資源庫の權游の1-6季>>的項成功 ...

2016-08-16 23:17:32,180 INFO     king       獲取標題為<<權利的遊戲1-6季>>的項成功 ...

2016-08-16 23:17:32,184 INFO     king       獲取標題為<<吐血整理1--6季>>的項成功 ...

2016-08-16 23:17:32,187 INFO     king       獲取標題為<<權利的遊戲1到6季高清未刪減>>的項成功 ...

2016-08-16 23:17:32,191 INFO     king       獲取標題為<<1到6季>>的項成功 ...

2016-08-16 23:17:32,196 INFO     king       獲取標題為<<權利的遊戲 1到6季  資源分享 需要的點進來>>的項成功 ...

2016-08-16 23:17:32,200 INFO     king       獲取標題為<<權利的遊戲1~6高清無刪減>>的項成功 ...

2016-08-16 23:17:32,203 INFO     king       獲取標題為<<權利的遊戲 超清秒發>>的項成功 ...

2016-08-16 23:17:32,207 INFO     king       獲取標題為<<權力的遊戲誰要，不用加微信>>的項成功 ...

2016-08-16 23:17:32,210 INFO     king       獲取標題為<<權利的遊戲，1-6季，no. money>>的項成功 ...

2016-08-16 23:17:32,213 INFO     king       獲取標題為<<豪車搭訕比基尼美女遇尷尬>>的項成功 ...

2016-08-16 23:17:32,219 INFO     king       獲取標題為<<菲爾普斯解釋賽後的落淚，“對我來說這是好事，我終於能回過頭來，>>的項成功 ...

2016-08-16 23:17:32,223 INFO     king       獲取標題為<<權利的遊戲1-6>>的項成功 ...

2016-08-16 23:17:32,226 INFO     king       獲取標題為<<權力的遊戲1-6高清未刪減>>的項成功 ...

2016-08-16 23:17:32,230 INFO     king       獲取標題為<<吧友們千萬別點那些假鏈接！都是病毒！>>的項成功 ...

2016-08-16 23:17:32,233 INFO     king       獲取標題為<<王寶強問了劉德華一個問題，劉德華不懂回答，我們也不懂>>的項成功 ...

2016-08-16 23:17:32,237 INFO     king       獲取標題為<<高興的時候，像瘋子；難過的時候，就成了傻子.....>>的項成功 ...

2016-08-16 23:17:32,242 INFO     king       獲取標題為<<360 權利的遊戲 所有 打包分享>>的項成功 ...

2016-08-16 23:17:32,244 INFO     king       獲取標題為<<《權利的遊戲》1-5季合集+第六季持續更新哦，手慢無！！！>>的項成功 ...

2016-08-16 23:17:32,249 INFO     king       獲取標題為<<你們聽過最爛的分手理由是什麼？？？？>>的項成功 ...

2016-08-16 23:17:32,598 INFO     king       Python 返回URUL:http://tieba.baidu.com/f?kw=權利的遊戲&ie=utf-8&pn=150  數據成功

2016-08-16 23:17:33,023 INFO     king       獲取標題為<<權利的遊戲1到6季全>>的項成功 ...

2016-08-16 23:17:33,028 INFO     king       獲取標題為<<【權利的遊戲】超清珍藏版的>>的項成功 ...

2016-08-16 23:17:33,032 INFO     king       获取标题为<<各位大哥，帮小弟弟一个忙>>的项成功 ...

2016-08-16 23:17:33,061 INFO     king       获取标题为<<#尖叫耐撕男女# 耿直boy为阻止美女插队卖的这个萌我给100>>的项成功 ...

2016-08-16 23:17:33,063 INFO     king       获取标题为<<高兴的时候，像疯子；难过的时候，就成了傻子.....>>的项成功 ...

2016-08-16 23:17:33,068 INFO     king       获取标题为<<1到6全，超清的喔>>的项成功 ...

2016-08-16 23:17:33,072 INFO     king       获取标题为<<权利的游戏资源急宅送！>>的项成功 ...

2016-08-16 23:17:33,075 INFO     king       获取标题为<<【权利的游戏】1-6高清无删减，吐血整理>>的项成功 ...

2016-08-16 23:17:33,079 INFO     king       获取标题为<<还在到处找资源吗？我这有>>的项成功 ...

2016-08-16 23:17:33,085 INFO     king       获取标题为<<权力的游戏>>的项成功 ...

2016-08-16 23:17:33,088 INFO     king       获取标题为<<为什么必须要十个字呢>>的项成功 ...

2016-08-16 23:17:33,095 INFO     king       获取标题为<<360云盘1-5季无删减>>的项成功 ...

2016-08-16 23:17:33,098 INFO     king       获取标题为<<碰瓷党真够狠！ 砸断手指骗赔偿>>的项成功 ...

2016-08-16 23:17:33,118 INFO     king       获取标题为<<权利游戏>>的项成功 ...

2016-08-16 23:17:33,128 INFO     king       获取标题为<<简单的方法解决手指骨骨刺、关节炎、手指僵硬、腱鞘炎>>的项成功 ...

2016-08-16 23:17:33,147 INFO     king       获取标题为<<《权力的游戏》十集完结，免费>>的项成功 ...

2016-08-16 23:17:33,151 INFO     king       获取标题为<<权利的游戏1-6>>的项成功 ...

2016-08-16 23:17:33,157 INFO     king       获取标题为<<权利的游戏1-6季>>的项成功 ...

2016-08-16 23:17:33,161 INFO     king       获取标题为<<不知道这个有人发过么。。。。。时光之轮TV化>>的项成功 ...

2016-08-16 23:17:33,165 INFO     king       获取标题为<<权利的游戏1-6进来哦>>的项成功 ...

2016-08-16 23:17:33,171 INFO     king       获取标题为<<医生让病人去验尿，结果病人把尿给咽下去了！>>的项成功 ...

2016-08-16 23:17:33,174 INFO     king       获取标题为<<权利的游戏>>的项成功 ...

2016-08-16 23:17:33,180 INFO     king       获取标题为<<无删减  送啦  高清哦>>的项成功 ...

2016-08-16 23:17:33,186 INFO     king       获取标题为<<马蓉状告王宝强“侵权” 王宝强聘“李天一案”律师张起淮 ！>>的项成功 ...

2016-08-16 23:17:33,190 INFO     king       获取标题为<<【全季高清无删减】权利的游戏1-6全季 爱心大放送>>的项成功 ...

2016-08-16 23:17:33,194 INFO     king       获取标题为<<1上海陆家嘴7四季酒店9完整版，把这根可爱的黄瓜送给各位单身的女士>>的项成功 ...

2016-08-16 23:17:33,198 INFO     king       获取标题为<<7上海陆家嘴5四季酒店4完整版，把这根可爱的黄瓜送给各位单身的女士>>的项成功 ...

2016-08-16 23:17:33,203 INFO     king       获取标题为<<权力的游戏>>的项成功 ...

2016-08-16 23:17:33,207 INFO     king       获取标题为<<回顾冰与火之歌的经典台词>>的项成功 ...

2016-08-16 23:17:33,211 INFO     king       获取标题为<<第七季啥时候出？>>的项成功 ...

2016-08-16 23:17:33,216 INFO     king       获取标题为<<权利的游戏1—6>>的项成功 ...

2016-08-16 23:17:33,220 INFO     king       获取标题为<<熟肉 已经出了>>的项成功 ...

2016-08-16 23:17:33,223 INFO     king       获取标题为<<权利的游戏 无删减  1-6季>>的项成功 ...

2016-08-16 23:17:33,226 INFO     king       获取标题为<<权利要的滴滴>>的项成功 ...

2016-08-16 23:17:33,230 INFO     king       获取标题为<<权力的游戏1～6季>>的项成功 ...

2016-08-16 23:17:33,233 INFO     king       获取标题为<<权利的游戏一到六季超清>>的项成功 ...

2016-08-16 23:17:33,237 INFO     king       获取标题为<<无偿给你的咯，而且很方便！>>的项成功 ...

2016-08-16 23:17:33,242 INFO     king       获取标题为<<吐血整理了～《权利的游戏》1～>>的项成功 ...

2016-08-16 23:17:33,246 INFO     king       获取标题为<<权利游戏1-6全>>的项成功 ...

2016-08-16 23:17:33,250 INFO     king       获取标题为<<刚刚整理了一到六季，要的朋友扣1>>的项成功 ...

2016-08-16 23:17:33,253 INFO     king       获取标题为<<权利的游戏>>的项成功 ...

2016-08-16 23:17:33,257 INFO     king       获取标题为<<权力的游戏>>的项成功 ...

2016-08-16 23:17:33,260 INFO     king       获取标题为<<冰火   全季 高清无删>>的项成功 ...

2016-08-16 23:17:33,265 INFO     king       获取标题为<<疯狂！3米巨蜥大战毒蛇瞬间>>的项成功 ...

2016-08-16 23:17:33,269 INFO     king       获取标题为<<权利的游戏1-6高清无删减>>的项成功 ...

2016-08-16 23:17:33,273 INFO     king       获取标题为<<冰火    6季全集 高清无删！>>的项成功 ...

2016-08-16 23:17:33,276 INFO     king       获取标题为<<我还以为是小指头>>的项成功 ...

2016-08-16 23:17:33,280 INFO     king       获取标题为<<第一次玩贴吧，爆个照，不过为什么我弄了半天>>的项成功 ...

2016-08-16 23:17:33,285 INFO     king       获取标题为<<权利的游戏完全整理Winter is Coming>>的项成功 ...

2016-08-16 23:17:33,289 INFO     king       获取标题为<<最近老是掉头发,洗头时掉特别的多，怎么可以止住脱发？>>的项成功 ...

2016-08-16 23:17:34,019 INFO     king       Python 返回URUL:http://tieba.baidu.com/f?kw=权利的游戏&ie=utf-8&pn=200  数据成功

2016-08-16 23:17:34,395 INFO     king       获取标题为<<当心小偷 小偷太猖狂 一夜连偷5家店>>的项成功 ...

2016-08-16 23:17:34,398 INFO     king       获取标题为<<权力的游戏 高清 无删减>>的项成功 ...

2016-08-16 23:17:34,403 INFO     king       获取标题为<<权利的游戏一到六季全>>的项成功 ...

2016-08-16 23:17:34,407 INFO     king       获取标题为<<豆豆在哪个地方，说下楼主帮你解决哦>>的项成功 ...

2016-08-16 23:17:34,410 INFO     king       获取标题为<<1-6季已集齐，要的戳进来啊>>的项成功 ...

2016-08-16 23:17:34,414 INFO     king       获取标题为<<权力的游戏  全集 1080p>>的项成功 ...

2016-08-16 23:17:34,418 INFO     king       获取标题为<<整理了很多美剧，要看的来>>的项成功 ...

2016-08-16 23:17:34,423 INFO     king       获取标题为<<为什么,男人容易掉头发，求不掉发秘诀？>>的项成功 ...

2016-08-16 23:17:34,427 INFO     king       获取标题为<<整理好的权利的游戏六季，有需要的吗？>>的项成功 ...

2016-08-16 23:17:34,430 INFO     king       获取标题为<<喜欢我么Ia羹>>的项成功 ...

2016-08-16 23:17:34,434 INFO     king       获取标题为<<权利的游戏>>的项成功 ...

2016-08-16 23:17:34,437 INFO     king       获取标题为<<权利的游戏>>的项成功 ...

2016-08-16 23:17:34,441 INFO     king       获取标题为<<权利的游戏第5季-6季，高清无删减版，要的来！>>的项成功 ...

2016-08-16 23:17:34,446 INFO     king       获取标题为<<权利的游戏，行尸走肉等电视剧电影>>的项成功 ...

2016-08-16 23:17:34,450 INFO     king       获取标题为<<权力的游戏>>的项成功 ...

2016-08-16 23:17:34,453 INFO     king       获取标题为<<6季全，还是无删减的噢～>>的项成功 ...

2016-08-16 23:17:34,457 INFO     king       获取标题为<<王宝强喝醉后感觉还是这么老实>>的项成功 ...

2016-08-16 23:17:34,460 INFO     king       获取标题为<<全集全季全集>>的项成功 ...

2016-08-16 23:17:34,464 INFO     king       获取标题为<<你闹剧荒啦吗，来看看美剧>>的项成功 ...

2016-08-16 23:17:34,467 INFO     king       获取标题为<<权利的游戏>>的项成功 ...

2016-08-16 23:17:34,471 INFO     king       获取标题为<<求资源啊>>的项成功 ...

2016-08-16 23:17:34,474 INFO     king       获取标题为<<【高清】权利的游戏1-6全季 高清无删减>>的项成功 ...

2016-08-16 23:17:34,479 INFO     king       获取标题为<<权力的游戏1-6季>>的项成功 ...

2016-08-16 23:17:34,483 INFO     king       获取标题为<<第六季>>的项成功 ...

2016-08-16 23:17:34,486 INFO     king       获取标题为<<全季资源找宝宝哦～>>的项成功 ...

2016-08-16 23:17:34,490 INFO     king       获取标题为<<权利的游戏 1-6季>>的项成功 ...

2016-08-16 23:17:34,493 INFO     king       获取标题为<<美丽烟花照亮整片天空瞬间>>的项成功 ...

2016-08-16 23:17:34,497 INFO     king       获取标题为<<马rong>>的项成功 ...

2016-08-16 23:17:34,500 INFO     king       获取标题为<<一到六季  全部>>的项成功 ...

2016-08-16 23:17:34,506 INFO     king       获取标题为<<【权力的游戏】  1-6季 高清无删减  各种镜头都有  艹与杀之歌>>的项成功 ...

2016-08-16 23:17:34,509 INFO     king       获取标题为<<权力的游戏六季全>>的项成功 ...

2016-08-16 23:17:34,515 INFO     king       获取标题为<<权利1-6季高清熟肉，送送送，龙妈又出新剧>>的项成功 ...

2016-08-16 23:17:34,519 INFO     king       获取标题为<<权利的游戏1-6季>>的项成功 ...

2016-08-16 23:17:34,523 INFO     king       获取标题为<<权利的游戏1-6季全部>>的项成功 ...

2016-08-16 23:17:34,528 INFO     king       获取标题为<<这是谁？>>的项成功 ...

2016-08-16 23:17:34,532 INFO     king       获取标题为<<速度进来-权利的游戏 1-5季 无删减版 720P！！！>>的项成功 ...

2016-08-16 23:17:34,536 INFO     king       获取标题为<<权力的游戏1-6季，高清完整资源>>的项成功 ...

2016-08-16 23:17:34,540 INFO     king       获取标题为<<权利的游戏一到六季超清未删减中字整理完毕>>的项成功 ...

2016-08-16 23:17:34,543 INFO     king       获取标题为<<权利的游戏1到6全未删减>>的项成功 ...

2016-08-16 23:17:34,549 INFO     king       获取标题为<<权利的游戏（冰与火之歌）吐血整理>>的项成功 ...

2016-08-16 23:17:34,552 INFO     king       获取标题为<<听了这首歌，心里阵阵的刺痛>>的项成功 ...

2016-08-16 23:17:34,558 INFO     king       获取标题为<<权利的游戏1-6季全，未删减版>>的项成功 ...

2016-08-16 23:17:34,562 INFO     king       获取标题为<<权力的游戏全季未减版高清>>的项成功 ...

2016-08-16 23:17:34,566 INFO     king       获取标题为<<权利的游戏全集1080p>>的项成功 ...

2016-08-16 23:17:34,571 INFO     king       获取标题为<<1-6吐血整理。无删超清>>的项成功 ...

2016-08-16 23:17:34,575 INFO     king       获取标题为<<少妇不给老人让座，结果被黄衣乘客戏耍>>的项成功 ...

2016-08-16 23:17:34,578 INFO     king       获取标题为<<权利的游戏>>的项成功 ...

2016-08-16 23:17:34,582 INFO     king       获取标题为<<不孝儿与母亲在法庭的一段对话，看哭七亿网民！>>的项成功 ...

2016-08-16 23:17:34,586 INFO     king       获取标题为<<合租美女遇到贱男，无语了，太逗了！>>的项成功 ...

2016-08-16 23:17:34,591 INFO     king       获取标题为<<暴走先锋 大锤胖子完美配合 360无死角射击>>的项成功 ...

2016-08-16 23:17:34,611 INFO     king       标题为<<【整理】权利的游戏1-6季高清无删减 要的加whpu4610>>的项输入到"百度贴吧_权利的游戏.txt"成功

2016-08-16 23:17:34,611 INFO     king       标题为<<权利的游戏有爱se群45035'597，哈哈>>的项输入到"百度贴吧_权利的游戏.txt"成功

2016-08-16 23:17:34,611 INFO     king       标题为<<首发 权利的游戏全集在线秒发>>的项输入到"百度贴吧_权利的游戏.txt"成功

2016-08-16 23:17:34,611 INFO     king       标题为<<【精品】权利的游戏1-6季全季全集已经整理好，高清蓝光熟肉未删>>的项输入到"百度贴吧_权利的游戏.txt"成功

2016-08-16 23:17:34,611 INFO     king       标题为<<权利的游戏 ，1-6全 高清无删减>>的项输入到"百度贴吧_权利的游戏.txt"成功

2016-08-16 23:17:34,611 INFO     king       标题为<<【整理】权力的游戏1-6季全季全集整合好了，高清熟肉未删减版！>>的项输入到"百度贴吧_权利的游戏.txt"成功

2016-08-16 23:17:34,611 INFO     king       标题为<<吐血整理1-6季无删减高清>>的项输入到"百度贴吧_权利的游戏.txt"成功

2016-08-16 23:17:34,611 INFO     king       标题为<<【权力的游戏】呕血整理1-6季全无删减 高清中英双字幕>>的项输入到"百度贴吧_权利的游戏.txt"成功

2016-08-16 23:17:34,612 INFO     king       标题为<<【全网最高清蓝光】权力的游戏 1-6季 全季无删减>>的项输入到"百度贴吧_权利的游戏.txt"成功

2016-08-16 23:17:34,612 INFO     king       标题为<<来不及解释了wo>>的项输入到"百度贴吧_权利的游戏.txt"成功

2016-08-16 23:17:34,612 INFO     king       标题为<<权利的游戏 1-6季 全>>的项输入到"百度贴吧_权利的游戏.txt"成功

2016-08-16 23:17:34,612 INFO     king       标题为<<权利的游戏1-6熟肉>>的项输入到"百度贴吧_权利的游戏.txt"成功

2016-08-16 23:17:34,612 INFO     king       标题为<<权利的游戏！>>的项输入到"百度贴吧_权利的游戏.txt"成功

2016-08-16 23:17:34,612 INFO     king       标题为<<大型资源站，权力游戏>>的项输入到"百度贴吧_权利的游戏.txt"成功

2016-08-16 23:17:34,614 INFO     king       标题为<<权利的游戏 1-6季 全高清整理，无删减>>的项输入到"百度贴吧_权利的游戏.txt"成功

2016-08-16 23:17:34,614 INFO     king       标题为<<权利的游戏1-6季集齐了奥>>的项输入到"百度贴吧_权利的游戏.txt"成功

2016-08-16 23:17:34,614 INFO     king       标题为<<给你一个最新的1。8。🈲。片>>的项输入到"百度贴吧_权利的游戏.txt"成功

2016-08-16 23:17:34,614 INFO     king       标题为<<权力的游戏>>的项输入到"百度贴吧_权利的游戏.txt"成功

2016-08-16 23:17:34,614 INFO     king       标题为<<权力的游戏丨行尸走肉丨斯巴达克斯丨无耻之徒等等百部美剧！>>的项输入到"百度贴吧_权利的游戏.txt"成功

2016-08-16 23:17:34,614 INFO     king       标题为<<【1-6】全集高清。我刚刚看完。结局太狗血了。你们自己看吧>>的项输入到"百度贴吧_权利的游戏.txt"成功

2016-08-16 23:17:34,615 INFO     king       标题为<<【TO权迷】你们爱的权游！1-6季高清无删减版精心整理！FOR YOU~>>的项输入到"百度贴吧_权利的游戏.txt"成功

2016-08-16 23:17:34,615 INFO     king       标题为<<权利的游戏，1到6季高清无删减，吐血整理>>的项输入到"百度贴吧_权利的游戏.txt"成功

2016-08-16 23:17:34,615 INFO     king       标题为<<权利的游戏>>的项输入到"百度贴吧_权利的游戏.txt"成功

2016-08-16 23:17:34,615 INFO     king       标题为<<权利的游戏  1-6季  全高清整理，无删减>>的项输入到"百度贴吧_权利的游戏.txt"成功

2016-08-16 23:17:34,615 INFO     king       标题为<<【真丨发】权力的游戏1-6季无删！无偿FX！>>的项输入到"百度贴吧_权利的游戏.txt"成功

2016-08-16 23:17:34,615 INFO     king       标题为<<【时光】我用一年，见证情感。[寻找兄妹及秀贴。]>>的项输入到"百度贴吧_权利的游戏.txt"成功

2016-08-16 23:17:34,615 INFO     king       标题为<<【权利的游戏】全部六季已经整理好了！！>>的项输入到"百度贴吧_权利的游戏.txt"成功

2016-08-16 23:17:34,615 INFO     king       标题为<<【TO权迷】你们爱的权游！1-6季高清无删减版精心整理！FOR YOU~>>的项输入到"百度贴吧_权利的游戏.txt"成功

2016-08-16 23:17:34,615 INFO     king       标题为<<【权力的游戏】1-6季HD未删减版，整理合集>>的项输入到"百度贴吧_权利的游戏.txt"成功

2016-08-16 23:17:34,615 INFO     king       标题为<<交行网申教程>>的项输入到"百度贴吧_权利的游戏.txt"成功

2016-08-16 23:17:34,617 INFO     king       标题为<<权利的游戏1-6高清无删减>>的项输入到"百度贴吧_权利的游戏.txt"成功

2016-08-16 23:17:34,617 INFO     king       标题为<<【放大招】权利的游戏超清蓝光典藏版>>的项输入到"百度贴吧_权利的游戏.txt"成功

2016-08-16 23:17:34,617 INFO     king       标题为<<【权力的游戏】1-6季 超清无删减双语字幕 吐血整理>>的项输入到"百度贴吧_权利的游戏.txt"成功

2016-08-16 23:17:34,617 INFO     king       标题为<<【资源】各种韩国小电影 动画片电视剧 热门电影>>的项输入到"百度贴吧_权利的游戏.txt"成功

2016-08-16 23:17:34,617 INFO     king       标题为<<权利的游戏6季>>的项输入到"百度贴吧_权利的游戏.txt"成功

2016-08-16 23:17:34,617 INFO     king       标题为<<街坊邻居>>的项输入到"百度贴吧_权利的游戏.txt"成功

2016-08-16 23:17:34,617 INFO     king       标题为<<【资源】你要的我都有>>的项输入到"百度贴吧_权利的游戏.txt"成功

2016-08-16 23:17:34,618 INFO     king       标题为<<权利的游戏1-6无删减全集高清【整理】在线观看>>的项输入到"百度贴吧_权利的游戏.txt"成功

2016-08-16 23:17:34,618 INFO     king       标题为<<权利的游戏1-6季全集>>的项输入到"百度贴吧_权利的游戏.txt"成功

2016-08-16 23:17:34,618 INFO     king       标题为<<权利的游戏1-6季高清无删减~~>>的项输入到"百度贴吧_权利的游戏.txt"成功

2016-08-16 23:17:34,618 INFO     king       标题为<<1-6全！！>>的项输入到"百度贴吧_权利的游戏.txt"成功

2016-08-16 23:17:34,618 INFO     king       标题为<<冰与火之歌>>的项输入到"百度贴吧_权利的游戏.txt"成功

2016-08-16 23:17:34,618 INFO     king       标题为<<权利的游戏>>的项输入到"百度贴吧_权利的游戏.txt"成功

2016-08-16 23:17:34,618 INFO     king       标题为<<奇葩……被美女强吻后，我的嘴腐烂了！>>的项输入到"百度贴吧_权利的游戏.txt"成功

2016-08-16 23:17:34,618 INFO     king       标题为<<权利的游戏1~6季绝对高清无删减！！！>>的项输入到"百度贴吧_权利的游戏.txt"成功

2016-08-16 23:17:34,618 INFO     king       标题为<<江湖象棋残局 第254集 马兵巧杀炮五卒，闷杀挂角记清楚>>的项输入到"百度贴吧_权利的游戏.txt"成功

2016-08-16 23:17:34,618 INFO     king       标题为<<自杀小队，老九门，微微，夏有乔木等无常>>的项输入到"百度贴吧_权利的游戏.txt"成功

2016-08-16 23:17:34,618 INFO     king       标题为<<吐血整理全季全集无删节 需要的宝宝来 老司机开车了>>的项输入到"百度贴吧_权利的游戏.txt"成功

2016-08-16 23:17:34,618 INFO     king       标题为<<权利的游戏  1-6季全 高清无删减 分享了>>的项输入到"百度贴吧_权利的游戏.txt"成功

2016-08-16 23:17:34,619 INFO     king       标题为<<权利的游戏>>的项输入到"百度贴吧_权利的游戏.txt"成功

2016-08-16 23:17:34,619 INFO     king       标题为<<权利的游戏，全>>的项输入到"百度贴吧_权利的游戏.txt"成功

2016-08-16 23:17:34,619 INFO     king       标题为<<1~6高清私>>的项输入到"百度贴吧_权利的游戏.txt"成功

2016-08-16 23:17:34,619 INFO     king       标题为<<【权力的游戏】6_季_度_盘_合_集>>的项输入到"百度贴吧_权利的游戏.txt"成功

2016-08-16 23:17:34,619 INFO     king       标题为<<真的不错哦０S提>>的项输入到"百度贴吧_权利的游戏.txt"成功

2016-08-16 23:17:34,619 INFO     king       标题为<<泪崩，花甲老人借钱买藏品独自离去，引发专家争议>>的项输入到"百度贴吧_权利的游戏.txt"成功

2016-08-16 23:17:34,621 INFO     king       标题为<<iphone或者ipad，每天体验app就有8O～1OO，月3000>>的项输入到"百度贴吧_权利的游戏.txt"成功

2016-08-16 23:17:34,621 INFO     king       标题为<<权力的游戏>>的项输入到"百度贴吧_权利的游戏.txt"成功

2016-08-16 23:17:34,621 INFO     king       标题为<<嘤嘤嘤   加油>>的项输入到"百度贴吧_权利的游戏.txt"成功

2016-08-16 23:17:34,621 INFO     king       标题为<<权力1-6无删减>>的项输入到"百度贴吧_权利的游戏.txt"成功

2016-08-16 23:17:34,621 INFO     king       标题为<<1~6季全看完了>>的项输入到"百度贴吧_权利的游戏.txt"成功

2016-08-16 23:17:34,621 INFO     king       标题为<<权利的游戏  1-6全季超清无删>>的项输入到"百度贴吧_权利的游戏.txt"成功

2016-08-16 23:17:34,621 INFO     king       标题为<<权利的游戏 全季1-6超清无删减>>的项输入到"百度贴吧_权利的游戏.txt"成功

2016-08-16 23:17:34,621 INFO     king       标题为<<1-6季高清无删减>>的项输入到"百度贴吧_权利的游戏.txt"成功

2016-08-16 23:17:34,621 INFO     king       标题为<<权利的游戏1-6 全精校字幕版，不用等，秒发！>>的项输入到"百度贴吧_权利的游戏.txt"成功

2016-08-16 23:17:34,621 INFO     king       标题为<<【全网最超清蓝光】权力的游戏 1-6季 全季无删减>>的项输入到"百度贴吧_权利的游戏.txt"成功

2016-08-16 23:17:34,621 INFO     king       标题为<<脱吧女神 扒扒患“秒删癌”的欧弟是如何练就一颗“玻璃心”的！>>的项输入到"百度贴吧_权利的游戏.txt"成功

2016-08-16 23:17:34,621 INFO     king       标题为<<诚信>>的项输入到"百度贴吧_权利的游戏.txt"成功

2016-08-16 23:17:34,621 INFO     king       标题为<<谈谈如何看美剧>>的项输入到"百度贴吧_权利的游戏.txt"成功

2016-08-16 23:17:34,622 INFO     king       标题为<<1到6>>的项输入到"百度贴吧_权利的游戏.txt"成功

2016-08-16 23:17:34,622 INFO     king       标题为<<权利的游戏  高清未删减版  一到六季都有喔>>的项输入到"百度贴吧_权利的游戏.txt"成功

2016-08-16 23:17:34,622 INFO     king       标题为<<权利的游戏 1-6  蓝光未删减 超多汁源 无私分享>>的项输入到"百度贴吧_权利的游戏.txt"成功

2016-08-16 23:17:34,622 INFO     king       标题为<<古代兵器图片欣赏，记得暖暖。>>的项输入到"百度贴吧_权利的游戏.txt"成功

2016-08-16 23:17:34,622 INFO     king       标题为<<权利的游戏>>的项输入到"百度贴吧_权利的游戏.txt"成功

2016-08-16 23:17:34,622 INFO     king       标题为<<权利游戏1到6季>>的项输入到"百度贴吧_权利的游戏.txt"成功

2016-08-16 23:17:34,622 INFO     king       标题为<<【整理】权力的游戏1-6季全季全集整合好了，高清熟肉未删减版>>的项输入到"百度贴吧_权利的游戏.txt"成功

2016-08-16 23:17:34,624 INFO     king       标题为<<权利游戏1-6季>>的项输入到"百度贴吧_权利的游戏.txt"成功

2016-08-16 23:17:34,624 INFO     king       标题为<<日本逼迫少女沦为慰安妇，近日被美国人公开！看哭了~>>的项输入到"百度贴吧_权利的游戏.txt"成功

2016-08-16 23:17:34,624 INFO     king       标题为<<你会这么宠你女朋友吗>>的项输入到"百度贴吧_权利的游戏.txt"成功

2016-08-16 23:17:34,624 INFO     king       标题为<<第一季到第五季资源，百度网盘- ->>的项输入到"百度贴吧_权利的游戏.txt"成功

2016-08-16 23:17:34,624 INFO     king       标题为<<权力的游戏一到六季～高清双字幕无删减哦～>>的项输入到"百度贴吧_权利的游戏.txt"成功

2016-08-16 23:17:34,624 INFO     king       标题为<<权利的游戏以外的东西   好搞笑>>的项输入到"百度贴吧_权利的游戏.txt"成功

2016-08-16 23:17:34,625 INFO     king       标题为<<权力的游戏>>的项输入到"百度贴吧_权利的游戏.txt"成功

2016-08-16 23:17:34,625 INFO     king       标题为<<权利的游戏1~6集高清未删节   想看的私我！>>的项输入到"百度贴吧_权利的游戏.txt"成功

2016-08-16 23:17:34,625 INFO     king       标题为<<权力的游戏一到六季～高清双语字幕无删减～要的戳进来～)>>的项输入到"百度贴吧_权利的游戏.txt"成功

2016-08-16 23:17:34,625 INFO     king       标题为<<男孩帮朋友去药店买保健品，然后就尴尬了>>的项输入到"百度贴吧_权利的游戏.txt"成功

2016-08-16 23:17:34,625 INFO     king       标题为<<权利的游戏1-6整理>>的项输入到"百度贴吧_权利的游戏.txt"成功

2016-08-16 23:17:34,625 INFO     king       标题为<<【全季高清无删减】权利的游戏1-6全季 爱心大放送>>的项输入到"百度贴吧_权利的游戏.txt"成功

2016-08-16 23:17:34,625 INFO     king       标题为<<哈哈，前几天刚看完，呜呜>>的项输入到"百度贴吧_权利的游戏.txt"成功

2016-08-16 23:17:34,625 INFO     king       标题为<<权利的游戏1~6季高清无删减！>>的项输入到"百度贴吧_权利的游戏.txt"成功

2016-08-16 23:17:34,625 INFO     king       标题为<<权力游戏1--6季全集已看完，要的私>>的项输入到"百度贴吧_权利的游戏.txt"成功

2016-08-16 23:17:34,625 INFO     king       标题为<<6全，没看的大方爽快宝宝来>>的项输入到"百度贴吧_权利的游戏.txt"成功

2016-08-16 23:17:34,625 INFO     king       标题为<<权利的游戏，1－6季～高清无删减版>>的项输入到"百度贴吧_权利的游戏.txt"成功

2016-08-16 23:17:34,627 INFO     king       标题为<<权利的游戏1-6集高清无删减来啦>>的项输入到"百度贴吧_权利的游戏.txt"成功

2016-08-16 23:17:34,627 INFO     king       标题为<<权利的游戏1-6集>>的项输入到"百度贴吧_权利的游戏.txt"成功

2016-08-16 23:17:34,627 INFO     king       标题为<<权利的游戏>>的项输入到"百度贴吧_权利的游戏.txt"成功

2016-08-16 23:17:34,627 INFO     king       标题为<<权利的游戏无删减哈哈哈>>的项输入到"百度贴吧_权利的游戏.txt"成功

2016-08-16 23:17:34,627 INFO     king       标题为<<第6季 何时出来！美剧看的基本没有了>>的项输入到"百度贴吧_权利的游戏.txt"成功

2016-08-16 23:17:34,627 INFO     king       标题为<<一言不合就发帖>>的项输入到"百度贴吧_权利的游戏.txt"成功

2016-08-16 23:17:34,627 INFO     king       标题为<<有人吗>>的项输入到"百度贴吧_权利的游戏.txt"成功

2016-08-16 23:17:34,628 INFO     king       标题为<<权利的游戏1-6高清无删珍藏版>>的项输入到"百度贴吧_权利的游戏.txt"成功

2016-08-16 23:17:34,628 INFO     king       标题为<<【高清】权利的游戏1―6季速取！>>的项输入到"百度贴吧_权利的游戏.txt"成功

2016-08-16 23:17:34,628 INFO     king       标题为<<【权力的游戏】>>的项输入到"百度贴吧_权利的游戏.txt"成功

2016-08-16 23:17:34,628 INFO     king       标题为<<开车别惹戴头盔的！因为骑摩托车的脾气都很暴躁>>的项输入到"百度贴吧_权利的游戏.txt"成功

2016-08-16 23:17:34,628 INFO     king       标题为<<权力的游戏6季呦>>的项输入到"百度贴吧_权利的游戏.txt"成功

2016-08-16 23:17:34,628 INFO     king       标题为<<【妹妹·交流】【图楼】BAALAA>>的项输入到"百度贴吧_权利的游戏.txt"成功

2016-08-16 23:17:34,628 INFO     king       标题为<<【精品】权利的游戏1-6季全季全集已经整理好，高清蓝光熟肉未删>>的项输入到"百度贴吧_权利的游戏.txt"成功

2016-08-16 23:17:34,628 INFO     king       标题为<<权利的游戏第六季>>的项输入到"百度贴吧_权利的游戏.txt"成功

2016-08-16 23:17:34,628 INFO     king       标题为<<权利的游戏>>的项输入到"百度贴吧_权利的游戏.txt"成功

2016-08-16 23:17:34,628 INFO     king       标题为<<权利游戏>>的项输入到"百度贴吧_权利的游戏.txt"成功

2016-08-16 23:17:34,628 INFO     king       标题为<<【资源】感觉还是冰与火之歌这个名字好听些，戳进来分享>>的项输入到"百度贴吧_权利的游戏.txt"成功

2016-08-16 23:17:34,628 INFO     king       标题为<<1-6季 持续更新>>的项输入到"百度贴吧_权利的游戏.txt"成功

2016-08-16 23:17:34,628 INFO     king       标题为<<权利的游戏 一到六季 ➕薇；GIUSI2908>>的项输入到"百度贴吧_权利的游戏.txt"成功

2016-08-16 23:17:34,630 INFO     king       标题为<<权力游戏六季全集，冰与火小说前传>>的项输入到"百度贴吧_权利的游戏.txt"成功

2016-08-16 23:17:34,630 INFO     king       标题为<<权利的游戏1-6季免费送>>的项输入到"百度贴吧_权利的游戏.txt"成功

2016-08-16 23:17:34,630 INFO     king       标题为<<权利的游戏1-6季 高清无删减 宝宝整理好分享给大家哦 楼扣1>>的项输入到"百度贴吧_权利的游戏.txt"成功

2016-08-16 23:17:34,630 INFO     king       标题为<<《权力的游戏》>>的项输入到"百度贴吧_权利的游戏.txt"成功

2016-08-16 23:17:34,630 INFO     king       标题为<<1-6季高清无删减>>的项输入到"百度贴吧_权利的游戏.txt"成功

2016-08-16 23:17:34,630 INFO     king       标题为<<自杀小队，怪奇物语，使徒行者，盗墓笔记>>的项输入到"百度贴吧_权利的游戏.txt"成功

2016-08-16 23:17:34,630 INFO     king       标题为<<权利的游戏，超清或蓝光，我直接给红包，>>的项输入到"百度贴吧_权利的游戏.txt"成功

2016-08-16 23:17:34,631 INFO     king       标题为<<权力的游戏s1—s6高清未删>>的项输入到"百度贴吧_权利的游戏.txt"成功

2016-08-16 23:17:34,631 INFO     king       标题为<<权利的游戏1到6来吧>>的项输入到"百度贴吧_权利的游戏.txt"成功

2016-08-16 23:17:34,631 INFO     king       标题为<<千年古尸出土，天地为之色变！>>的项输入到"百度贴吧_权利的游戏.txt"成功

2016-08-16 23:17:34,631 INFO     king       标题为<<权利的游戏1-6全集>>的项输入到"百度贴吧_权利的游戏.txt"成功

2016-08-16 23:17:34,631 INFO     king       标题为<<看完权游1~6季了，被龙母美哭>>的项输入到"百度贴吧_权利的游戏.txt"成功

2016-08-16 23:17:34,631 INFO     king       标题为<<七旬老人用刀出神入化，竟能在纸上刻出牛鬼蛇神，却后继无人！>>的项输入到"百度贴吧_权利的游戏.txt"成功

2016-08-16 23:17:34,631 INFO     king       标题为<<免费给没人顶，>>的项输入到"百度贴吧_权利的游戏.txt"成功

2016-08-16 23:17:34,631 INFO     king       标题为<<权利的游戏1~6季整理好的,高清>>的项输入到"百度贴吧_权利的游戏.txt"成功

2016-08-16 23:17:34,631 INFO     king       标题为<<权利的游戏全季>>的项输入到"百度贴吧_权利的游戏.txt"成功

2016-08-16 23:17:34,631 INFO     king       标题为<<小妮子的资源库の权游の1-6季>>的项输入到"百度贴吧_权利的游戏.txt"成功

2016-08-16 23:17:34,631 INFO     king       标题为<<权利的游戏1-6季>>的项输入到"百度贴吧_权利的游戏.txt"成功

2016-08-16 23:17:34,631 INFO     king       标题为<<吐血整理1--6季>>的项输入到"百度贴吧_权利的游戏.txt"成功

2016-08-16 23:17:34,631 INFO     king       标题为<<权利的游戏1到6季高清未删减>>的项输入到"百度贴吧_权利的游戏.txt"成功

2016-08-16 23:17:34,632 INFO     king       标题为<<1到6季>>的项输入到"百度贴吧_权利的游戏.txt"成功

2016-08-16 23:17:34,632 INFO     king       标题为<<权利的游戏 1到6季  资源分享 需要的点进来>>的项输入到"百度贴吧_权利的游戏.txt"成功

2016-08-16 23:17:34,632 INFO     king       标题为<<权利的游戏1~6高清无删减>>的项输入到"百度贴吧_权利的游戏.txt"成功

2016-08-16 23:17:34,632 INFO     king       标题为<<权利的游戏 超清秒发>>的项输入到"百度贴吧_权利的游戏.txt"成功

2016-08-16 23:17:34,632 INFO     king       标题为<<权力的游戏谁要，不用加微信>>的项输入到"百度贴吧_权利的游戏.txt"成功

2016-08-16 23:17:34,632 INFO     king       标题为<<权利的游戏，1-6季，no. money>>的项输入到"百度贴吧_权利的游戏.txt"成功

2016-08-16 23:17:34,632 INFO     king       标题为<<豪车搭讪比基尼美女遇尴尬>>的项输入到"百度贴吧_权利的游戏.txt"成功

2016-08-16 23:17:34,634 INFO     king       标题为<<菲尔普斯解释赛后的落泪，“对我来说这是好事，我终于能回过头来，>>的项输入到"百度贴吧_权利的游戏.txt"成功

2016-08-16 23:17:34,634 INFO     king       标题为<<权利的游戏1-6>>的项输入到"百度贴吧_权利的游戏.txt"成功

2016-08-16 23:17:34,634 INFO     king       标题为<<权力的游戏1-6高清未删减>>的项输入到"百度贴吧_权利的游戏.txt"成功

2016-08-16 23:17:34,634 INFO     king       标题为<<吧友们千万别点那些假链接！都是病毒！>>的项输入到"百度贴吧_权利的游戏.txt"成功

2016-08-16 23:17:34,634 INFO     king       标题为<<王宝强问了刘德华一个问题，刘德华不懂回答，我们也不懂>>的项输入到"百度贴吧_权利的游戏.txt"成功

2016-08-16 23:17:34,634 INFO     king       标题为<<高兴的时候，像疯子；难过的时候，就成了傻子.....>>的项输入到"百度贴吧_权利的游戏.txt"成功

2016-08-16 23:17:34,634 INFO     king       标题为<<360 权利的游戏 所有 打包分享>>的项输入到"百度贴吧_权利的游戏.txt"成功

2016-08-16 23:17:34,634 INFO     king       标题为<<《权利的游戏》1-5季合集+第六季持续更新哦，手慢无！！！>>的项输入到"百度贴吧_权利的游戏.txt"成功

2016-08-16 23:17:34,634 INFO     king       标题为<<你们听过最烂的分手理由是什么？？？？>>的项输入到"百度贴吧_权利的游戏.txt"成功

2016-08-16 23:17:34,634 INFO     king       标题为<<权利的游戏1到6季全>>的项输入到"百度贴吧_权利的游戏.txt"成功

2016-08-16 23:17:34,634 INFO     king       标题为<<【权利的游戏】超清珍藏版的>>的项输入到"百度贴吧_权利的游戏.txt"成功

2016-08-16 23:17:34,635 INFO     king       标题为<<各位大哥，帮小弟弟一个忙>>的项输入到"百度贴吧_权利的游戏.txt"成功

2016-08-16 23:17:34,635 INFO     king       标题为<<#尖叫耐撕男女# 耿直boy为阻止美女插队卖的这个萌我给100>>的项输入到"百度贴吧_权利的游戏.txt"成功

2016-08-16 23:17:34,635 INFO     king       标题为<<高兴的时候，像疯子；难过的时候，就成了傻子.....>>的项输入到"百度贴吧_权利的游戏.txt"成功

2016-08-16 23:17:34,635 INFO     king       标题为<<1到6全，超清的喔>>的项输入到"百度贴吧_权利的游戏.txt"成功

2016-08-16 23:17:34,635 INFO     king       标题为<<权利的游戏资源急宅送！>>的项输入到"百度贴吧_权利的游戏.txt"成功

2016-08-16 23:17:34,635 INFO     king       标题为<<【权利的游戏】1-6高清无删减，吐血整理>>的项输入到"百度贴吧_权利的游戏.txt"成功

2016-08-16 23:17:34,637 INFO     king       标题为<<还在到处找资源吗？我这有>>的项输入到"百度贴吧_权利的游戏.txt"成功

2016-08-16 23:17:34,637 INFO     king       标题为<<权力的游戏>>的项输入到"百度贴吧_权利的游戏.txt"成功

2016-08-16 23:17:34,637 INFO     king       标题为<<为什么必须要十个字呢>>的项输入到"百度贴吧_权利的游戏.txt"成功

2016-08-16 23:17:34,637 INFO     king       标题为<<360云盘1-5季无删减>>的项输入到"百度贴吧_权利的游戏.txt"成功

2016-08-16 23:17:34,637 INFO     king       标题为<<碰瓷党真够狠！ 砸断手指骗赔偿>>的项输入到"百度贴吧_权利的游戏.txt"成功

2016-08-16 23:17:34,638 INFO     king       标题为<<权利游戏>>的项输入到"百度贴吧_权利的游戏.txt"成功

2016-08-16 23:17:34,638 INFO     king       标题为<<简单的方法解决手指骨骨刺、关节炎、手指僵硬、腱鞘炎>>的项输入到"百度贴吧_权利的游戏.txt"成功

2016-08-16 23:17:34,638 INFO     king       标题为<<《权力的游戏》十集完结，免费>>的项输入到"百度贴吧_权利的游戏.txt"成功

2016-08-16 23:17:34,638 INFO     king       标题为<<权利的游戏1-6>>的项输入到"百度贴吧_权利的游戏.txt"成功

2016-08-16 23:17:34,638 INFO     king       标题为<<权利的游戏1-6季>>的项输入到"百度贴吧_权利的游戏.txt"成功

2016-08-16 23:17:34,638 INFO     king       标题为<<不知道这个有人发过么。。。。。时光之轮TV化>>的项输入到"百度贴吧_权利的游戏.txt"成功

2016-08-16 23:17:34,638 INFO     king       标题为<<权利的游戏1-6进来哦>>的项输入到"百度贴吧_权利的游戏.txt"成功

2016-08-16 23:17:34,638 INFO     king       标题为<<医生让病人去验尿，结果病人把尿给咽下去了！>>的项输入到"百度贴吧_权利的游戏.txt"成功

2016-08-16 23:17:34,638 INFO     king       标题为<<权利的游戏>>的项输入到"百度贴吧_权利的游戏.txt"成功

2016-08-16 23:17:34,638 INFO     king       标题为<<无删减  送啦  高清哦>>的项输入到"百度贴吧_权利的游戏.txt"成功

2016-08-16 23:17:34,638 INFO     king       标题为<<马蓉状告王宝强“侵权” 王宝强聘“李天一案”律师张起淮 ！>>的项输入到"百度贴吧_权利的游戏.txt"成功

2016-08-16 23:17:34,638 INFO     king       标题为<<【全季高清无删减】权利的游戏1-6全季 爱心大放送>>的项输入到"百度贴吧_权利的游戏.txt"成功

2016-08-16 23:17:34,638 INFO     king       标题为<<1上海陆家嘴7四季酒店9完整版，把这根可爱的黄瓜送给各位单身的女士>>的项输入到"百度贴吧_权利的游戏.txt"成功

2016-08-16 23:17:34,640 INFO     king       标题为<<7上海陆家嘴5四季酒店4完整版，把这根可爱的黄瓜送给各位单身的女士>>的项输入到"百度贴吧_权利的游戏.txt"成功

2016-08-16 23:17:34,640 INFO     king       标题为<<权力的游戏>>的项输入到"百度贴吧_权利的游戏.txt"成功

2016-08-16 23:17:34,640 INFO     king       标题为<<回顾冰与火之歌的经典台词>>的项输入到"百度贴吧_权利的游戏.txt"成功

2016-08-16 23:17:34,640 INFO     king       标题为<<第七季啥时候出？>>的项输入到"百度贴吧_权利的游戏.txt"成功

2016-08-16 23:17:34,640 INFO     king       标题为<<权利的游戏1—6>>的项输入到"百度贴吧_权利的游戏.txt"成功

2016-08-16 23:17:34,640 INFO     king       标题为<<熟肉 已经出了>>的项输入到"百度贴吧_权利的游戏.txt"成功

2016-08-16 23:17:34,641 INFO     king       标题为<<权利的游戏 无删减  1-6季>>的项输入到"百度贴吧_权利的游戏.txt"成功

2016-08-16 23:17:34,641 INFO     king       标题为<<权利要的滴滴>>的项输入到"百度贴吧_权利的游戏.txt"成功

2016-08-16 23:17:34,641 INFO     king       标题为<<权力的游戏1～6季>>的项输入到"百度贴吧_权利的游戏.txt"成功

2016-08-16 23:17:34,641 INFO     king       标题为<<权利的游戏一到六季超清>>的项输入到"百度贴吧_权利的游戏.txt"成功

2016-08-16 23:17:34,641 INFO     king       标题为<<无偿给你的咯，而且很方便！>>的项输入到"百度贴吧_权利的游戏.txt"成功

2016-08-16 23:17:34,641 INFO     king       标题为<<吐血整理了～《权利的游戏》1～>>的项输入到"百度贴吧_权利的游戏.txt"成功

2016-08-16 23:17:34,641 INFO     king       标题为<<权利游戏1-6全>>的项输入到"百度贴吧_权利的游戏.txt"成功

2016-08-16 23:17:34,641 INFO     king       标题为<<刚刚整理了一到六季，要的朋友扣1>>的项输入到"百度贴吧_权利的游戏.txt"成功

2016-08-16 23:17:34,641 INFO     king       标题为<<权利的游戏>>的项输入到"百度贴吧_权利的游戏.txt"成功

2016-08-16 23:17:34,641 INFO     king       标题为<<权力的游戏>>的项输入到"百度贴吧_权利的游戏.txt"成功

2016-08-16 23:17:34,641 INFO     king       标题为<<冰火   全季 高清无删>>的项输入到"百度贴吧_权利的游戏.txt"成功

2016-08-16 23:17:34,641 INFO     king       标题为<<疯狂！3米巨蜥大战毒蛇瞬间>>的项输入到"百度贴吧_权利的游戏.txt"成功

2016-08-16 23:17:34,641 INFO     king       标题为<<权利的游戏1-6高清无删减>>的项输入到"百度贴吧_权利的游戏.txt"成功

2016-08-16 23:17:34,641 INFO     king       标题为<<冰火    6季全集 高清无删！>>的项输入到"百度贴吧_权利的游戏.txt"成功

2016-08-16 23:17:34,642 INFO     king       标题为<<我还以为是小指头>>的项输入到"百度贴吧_权利的游戏.txt"成功

2016-08-16 23:17:34,642 INFO     king       标题为<<第一次玩贴吧，爆个照，不过为什么我弄了半天>>的项输入到"百度贴吧_权利的游戏.txt"成功

2016-08-16 23:17:34,642 INFO     king       标题为<<权利的游戏完全整理Winter is Coming>>的项输入到"百度贴吧_权利的游戏.txt"成功

2016-08-16 23:17:34,642 INFO     king       标题为<<最近老是掉头发,洗头时掉特别的多，怎么可以止住脱发？>>的项输入到"百度贴吧_权利的游戏.txt"成功

2016-08-16 23:17:34,642 INFO     king       标题为<<当心小偷 小偷太猖狂 一夜连偷5家店>>的项输入到"百度贴吧_权利的游戏.txt"成功

2016-08-16 23:17:34,642 INFO     king       标题为<<权力的游戏 高清 无删减>>的项输入到"百度贴吧_权利的游戏.txt"成功

2016-08-16 23:17:34,644 INFO     king       标题为<<权利的游戏一到六季全>>的项输入到"百度贴吧_权利的游戏.txt"成功

2016-08-16 23:17:34,644 INFO     king       标题为<<豆豆在哪个地方，说下楼主帮你解决哦>>的项输入到"百度贴吧_权利的游戏.txt"成功

2016-08-16 23:17:34,644 INFO     king       标题为<<1-6季已集齐，要的戳进来啊>>的项输入到"百度贴吧_权利的游戏.txt"成功

2016-08-16 23:17:34,644 INFO     king       标题为<<权力的游戏  全集 1080p>>的项输入到"百度贴吧_权利的游戏.txt"成功

2016-08-16 23:17:34,644 INFO     king       标题为<<整理了很多美剧，要看的来>>的项输入到"百度贴吧_权利的游戏.txt"成功

2016-08-16 23:17:34,644 INFO     king       标题为<<为什么,男人容易掉头发，求不掉发秘诀？>>的项输入到"百度贴吧_权利的游戏.txt"成功

2016-08-16 23:17:34,644 INFO     king       标题为<<整理好的权利的游戏六季，有需要的吗？>>的项输入到"百度贴吧_权利的游戏.txt"成功

2016-08-16 23:17:34,644 INFO     king       标题为<<喜欢我么Ia羹>>的项输入到"百度贴吧_权利的游戏.txt"成功

2016-08-16 23:17:34,644 INFO     king       标题为<<权利的游戏>>的项输入到"百度贴吧_权利的游戏.txt"成功

2016-08-16 23:17:34,644 INFO     king       标题为<<权利的游戏>>的项输入到"百度贴吧_权利的游戏.txt"成功

2016-08-16 23:17:34,644 INFO     king       标题为<<权利的游戏第5季-6季，高清无删减版，要的来！>>的项输入到"百度贴吧_权利的游戏.txt"成功

2016-08-16 23:17:34,645 INFO     king       标题为<<权利的游戏，行尸走肉等电视剧电影>>的项输入到"百度贴吧_权利的游戏.txt"成功

2016-08-16 23:17:34,645 INFO     king       标题为<<权力的游戏>>的项输入到"百度贴吧_权利的游戏.txt"成功

2016-08-16 23:17:34,645 INFO     king       标题为<<6季全，还是无删减的噢～>>的项输入到"百度贴吧_权利的游戏.txt"成功

2016-08-16 23:17:34,645 INFO     king       标题为<<王宝强喝醉后感觉还是这么老实>>的项输入到"百度贴吧_权利的游戏.txt"成功

2016-08-16 23:17:34,645 INFO     king       标题为<<全集全季全集>>的项输入到"百度贴吧_权利的游戏.txt"成功

2016-08-16 23:17:34,645 INFO     king       标题为<<你闹剧荒啦吗，来看看美剧>>的项输入到"百度贴吧_权利的游戏.txt"成功

2016-08-16 23:17:34,645 INFO     king       标题为<<权利的游戏>>的项输入到"百度贴吧_权利的游戏.txt"成功

2016-08-16 23:17:34,647 INFO     king       标题为<<求资源啊>>的项输入到"百度贴吧_权利的游戏.txt"成功

2016-08-16 23:17:34,647 INFO     king       标题为<<【高清】权利的游戏1-6全季 高清无删减>>的项输入到"百度贴吧_权利的游戏.txt"成功

2016-08-16 23:17:34,647 INFO     king       标题为<<权力的游戏1-6季>>的项输入到"百度贴吧_权利的游戏.txt"成功

2016-08-16 23:17:34,647 INFO     king       标题为<<第六季>>的项输入到"百度贴吧_权利的游戏.txt"成功

2016-08-16 23:17:34,647 INFO     king       标题为<<全季资源找宝宝哦～>>的项输入到"百度贴吧_权利的游戏.txt"成功

2016-08-16 23:17:34,647 INFO     king       标题为<<权利的游戏 1-6季>>的项输入到"百度贴吧_权利的游戏.txt"成功

2016-08-16 23:17:34,648 INFO     king       标题为<<美丽烟花照亮整片天空瞬间>>的项输入到"百度贴吧_权利的游戏.txt"成功

2016-08-16 23:17:34,648 INFO     king       标题为<<马rong>>的项输入到"百度贴吧_权利的游戏.txt"成功

2016-08-16 23:17:34,648 INFO     king       标题为<<一到六季  全部>>的项输入到"百度贴吧_权利的游戏.txt"成功

2016-08-16 23:17:34,648 INFO     king       标题为<<【权力的游戏】  1-6季 高清无删减  各种镜头都有  艹与杀之歌>>的项输入到"百度贴吧_权利的游戏.txt"成功

2016-08-16 23:17:34,648 INFO     king       标题为<<权力的游戏六季全>>的项输入到"百度贴吧_权利的游戏.txt"成功

2016-08-16 23:17:34,648 INFO     king       标题为<<权利1-6季高清熟肉，送送送，龙妈又出新剧>>的项输入到"百度贴吧_权利的游戏.txt"成功

2016-08-16 23:17:34,648 INFO     king       标题为<<权利的游戏1-6季>>的项输入到"百度贴吧_权利的游戏.txt"成功

2016-08-16 23:17:34,648 INFO     king       标题为<<权利的游戏1-6季全部>>的项输入到"百度贴吧_权利的游戏.txt"成功

2016-08-16 23:17:34,648 INFO     king       标题为<<这是谁？>>的项输入到"百度贴吧_权利的游戏.txt"成功

2016-08-16 23:17:34,648 INFO     king       标题为<<速度进来-权利的游戏 1-5季 无删减版 720P！！！>>的项输入到"百度贴吧_权利的游戏.txt"成功

2016-08-16 23:17:34,648 INFO     king       标题为<<权力的游戏1-6季，高清完整资源>>的项输入到"百度贴吧_权利的游戏.txt"成功

2016-08-16 23:17:34,648 INFO     king       标题为<<权利的游戏一到六季超清未删减中字整理完毕>>的项输入到"百度贴吧_权利的游戏.txt"成功

2016-08-16 23:17:34,648 INFO     king       标题为<<权利的游戏1到6全未删减>>的项输入到"百度贴吧_权利的游戏.txt"成功

2016-08-16 23:17:34,648 INFO     king       标题为<<权利的游戏（冰与火之歌）吐血整理>>的项输入到"百度贴吧_权利的游戏.txt"成功

2016-08-16 23:17:34,650 INFO     king       标题为<<听了这首歌，心里阵阵的刺痛>>的项输入到"百度贴吧_权利的游戏.txt"成功

2016-08-16 23:17:34,650 INFO     king       标题为<<权利的游戏1-6季全，未删减版>>的项输入到"百度贴吧_权利的游戏.txt"成功

2016-08-16 23:17:34,650 INFO     king       标题为<<权力的游戏全季未减版高清>>的项输入到"百度贴吧_权利的游戏.txt"成功

2016-08-16 23:17:34,650 INFO     king       标题为<<权利的游戏全集1080p>>的项输入到"百度贴吧_权利的游戏.txt"成功

2016-08-16 23:17:34,650 INFO     king       标题为<<1-6吐血整理。无删超清>>的项输入到"百度贴吧_权利的游戏.txt"成功

2016-08-16 23:17:34,650 INFO     king       标题为<<少妇不给老人让座，结果被黄衣乘客戏耍>>的项输入到"百度贴吧_权利的游戏.txt"成功

2016-08-16 23:17:34,651 INFO     king       标题为<<权利的游戏>>的项输入到"百度贴吧_权利的游戏.txt"成功

2016-08-16 23:17:34,651 INFO     king       标题为<<不孝儿与母亲在法庭的一段对话，看哭七亿网民！>>的项输入到"百度贴吧_权利的游戏.txt"成功

2016-08-16 23:17:34,651 INFO     king       标题为<<合租美女遇到贱男，无语了，太逗了！>>的项输入到"百度贴吧_权利的游戏.txt"成功

2016-08-16 23:17:34,651 INFO     king       标题为<<暴走先锋 大锤胖子完美配合 360无死角射击>>的项输入到"百度贴吧_权利的游戏.txt"成功

2016-08-17 01:21:32,150 INFO     king       获取URLS成功

2016-08-17 01:21:33,194 INFO     king       Python 返回URUL:http://tieba.baidu.com/f?kw=权利的游戏&ie=utf-8&pn=0  数据成功

2016-08-17 01:21:33,588 INFO     king       获取标题为<<权利的游戏1~6季绝对高清无删减！！！>>的项成功 ...

2016-08-17 01:21:33,592 INFO     king       获取标题为<<权利的游戏 1-6季 全高清整理，无删减>>的项成功 ...

2016-08-17 01:21:33,598 INFO     king       获取标题为<<【整理】权力的游戏1-6季全季全集整合好了，高清熟肉未删减版！>>的项成功 ...

2016-08-17 01:21:33,601 INFO     king       获取标题为<<权利的游戏 ，1-6全 高清无删减>>的项成功 ...

2016-08-17 01:21:33,605 INFO     king       获取标题为<<给你一个最新的1。8。🈲。片>>的项成功 ...

2016-08-17 01:21:33,608 INFO     king       获取标题为<<吐血整理1-6季无删减高清>>的项成功 ...

2016-08-17 01:21:33,612 INFO     king       获取标题为<<权力的游戏>>的项成功 ...

2016-08-17 01:21:33,617 INFO     king       获取标题为<<来不及解释了wo>>的项成功 ...

2016-08-17 01:21:33,621 INFO     king       获取标题为<<权利的游戏  1-6季  全高清整理，无删减>>的项成功 ...

2016-08-17 01:21:33,625 INFO     king       获取标题为<<权利的游戏 1-6季 全>>的项成功 ...

2016-08-17 01:21:33,628 INFO     king       获取标题为<<权利的游戏1-6无删减全集高清【整理】在线观看>>的项成功 ...

2016-08-17 01:21:33,631 INFO     king       获取标题为<<权利的游戏1-6季高清无删减~~>>的项成功 ...

2016-08-17 01:21:33,635 INFO     king       获取标题为<<权利的游戏 1-6  蓝光未删减 超多汁源 无私分享>>的项成功 ...

2016-08-17 01:21:33,641 INFO     king       获取标题为<<权利的游戏1-6季集齐了奥>>的项成功 ...

2016-08-17 01:21:33,644 INFO     king       获取标题为<<权利的游戏，1到6季高清无删减，吐血整理>>的项成功 ...

2016-08-17 01:21:33,648 INFO     king       获取标题为<<【真丨发】权力的游戏1-6季无删！无偿FX！>>的项成功 ...

2016-08-17 01:21:33,653 INFO     king       获取标题为<<权利的游戏！>>的项成功 ...

2016-08-17 01:21:33,657 INFO     king       获取标题为<<【放大招】权利的游戏超清蓝光典藏版>>的项成功 ...

2016-08-17 01:21:33,661 INFO     king       获取标题为<<大型资源站，权力游戏>>的项成功 ...

2016-08-17 01:21:33,665 INFO     king       获取标题为<<权力的游戏丨行尸走肉丨斯巴达克斯丨无耻之徒等等百部美剧！>>的项成功 ...

2016-08-17 01:21:33,670 INFO     king       获取标题为<<【TO权迷】你们爱的权游！1-6季高清无删减版精心整理！FOR YOU~>>的项成功 ...

2016-08-17 01:21:33,674 INFO     king       获取标题为<<【权利的游戏】全部六季已经整理好了！！>>的项成功 ...

2016-08-17 01:21:33,677 INFO     king       获取标题为<<奇葩……被美女强吻后，我的嘴腐烂了！>>的项成功 ...

2016-08-17 01:21:33,680 INFO     king       获取标题为<<【TO权迷】你们爱的权游！1-6季高清无删减版精心整理！FOR YOU~>>的项成功 ...

2016-08-17 01:21:33,684 INFO     king       获取标题为<<权利的游戏1-6熟肉>>的项成功 ...

2016-08-17 01:21:33,688 INFO     king       获取标题为<<【权力的游戏】6_季_度_盘_合_集>>的项成功 ...

2016-08-17 01:21:33,693 INFO     king       获取标题为<<【资源】你要的我都有>>的项成功 ...

2016-08-17 01:21:33,697 INFO     king       获取标题为<<【资源】各种韩国小电影 动画片电视剧 热门电影>>的项成功 ...

2016-08-17 01:21:33,700 INFO     king       获取标题为<<【1-6】全集高清。我刚刚看完。结局太狗血了。你们自己看吧>>的项成功 ...

2016-08-17 01:21:33,703 INFO     king       获取标题为<<全集，谁要>>的项成功 ...

2016-08-17 01:21:33,707 INFO     king       获取标题为<<抛锚作业：这不是气车抛锚，而是货轮停止不被漂走的利器！>>的项成功 ...

2016-08-17 01:21:33,711 INFO     king       获取标题为<<权利的游戏 超清秒发>>的项成功 ...

2016-08-17 01:21:33,716 INFO     king       获取标题为<<权利的游戏 1到6季  资源分享 需要的点进来>>的项成功 ...

2016-08-17 01:21:33,720 INFO     king       获取标题为<<怎么才能止住脱发呢?有没有方便易行的办法啊？>>的项成功 ...

2016-08-17 01:21:33,723 INFO     king       获取标题为<<权利的游戏有爱se群45035'597，哈哈>>的项成功 ...

2016-08-17 01:21:33,726 INFO     king       获取标题为<<【权力的游戏】已看完6季 龙母好强大 雪诺好帅>>的项成功 ...

2016-08-17 01:21:33,730 INFO     king       获取标题为<<有人吗>>的项成功 ...

2016-08-17 01:21:33,734 INFO     king       获取标题为<<权利的游戏1-6高清无删珍藏版>>的项成功 ...

2016-08-17 01:21:33,739 INFO     king       获取标题为<<权利的游戏1-6>>的项成功 ...

2016-08-17 01:21:33,743 INFO     king       获取标题为<<iphone或者ipad，每天体验app就有8O～1OO，月3000>>的项成功 ...

2016-08-17 01:21:33,747 INFO     king       获取标题为<<嘤嘤嘤   加油>>的项成功 ...

2016-08-17 01:21:33,752 INFO     king       获取标题为<<权利的游戏  1-6季全 高清无删减 分享了>>的项成功 ...

2016-08-17 01:21:33,756 INFO     king       获取标题为<<权利的游戏1-6进来哦>>的项成功 ...

2016-08-17 01:21:33,759 INFO     king       获取标题为<<分，享，全集，棉，，，费>>的项成功 ...

2016-08-17 01:21:33,763 INFO     king       获取标题为<<未删减版全>>的项成功 ...

2016-08-17 01:21:33,766 INFO     king       获取标题为<<权利的游戏1-6高清无删减>>的项成功 ...

2016-08-17 01:21:33,769 INFO     king       获取标题为<<首发 权利的游戏全集在线秒发>>的项成功 ...

2016-08-17 01:21:33,773 INFO     king       获取标题为<<权利的游戏6季>>的项成功 ...

2016-08-17 01:21:34,164 INFO     king       Python 返回URUL:http://tieba.baidu.com/f?kw=权利的游戏&ie=utf-8&pn=50  数据成功

2016-08-17 01:21:34,542 INFO     king       获取标题为<<权利的游戏以外的东西   好搞笑>>的项成功 ...

2016-08-17 01:21:34,546 INFO     king       获取标题为<<权利的游戏无删减哈哈哈>>的项成功 ...

2016-08-17 01:21:34,552 INFO     king       获取标题为<<权利的游戏1-6整理>>的项成功 ...

2016-08-17 01:21:34,555 INFO     king       获取标题为<<权利的游戏 1-6季 ➕ we>>的项成功 ...

2016-08-17 01:21:34,559 INFO     king       获取标题为<<权利的游戏1-6高清>>的项成功 ...

2016-08-17 01:21:34,563 INFO     king       获取标题为<<权利的游戏 1-6季 ➕ we>>的项成功 ...

2016-08-17 01:21:34,568 INFO     king       获取标题为<<权利的游戏>>的项成功 ...

2016-08-17 01:21:34,572 INFO     king       获取标题为<<合租美女遇到贱男，无语了，太逗了！>>的项成功 ...

2016-08-17 01:21:34,575 INFO     king       获取标题为<<吐血整理全季全集无删节 需要的宝宝来 老司机开车了>>的项成功 ...

2016-08-17 01:21:34,578 INFO     king       获取标题为<<吐血整理1--6季>>的项成功 ...

2016-08-17 01:21:34,582 INFO     king       获取标题为<<交行网申教程>>的项成功 ...

2016-08-17 01:21:34,588 INFO     king       获取标题为<<【妹妹·交流】【图楼】BAALAA>>的项成功 ...

2016-08-17 01:21:34,591 INFO     king       获取标题为<<【整理】权利的游戏1-6季高清无删减 要的加whpu4610>>的项成功 ...

2016-08-17 01:21:34,595 INFO     king       获取标题为<<七月鬼节禁忌！万万要小心！>>的项成功 ...

2016-08-17 01:21:34,598 INFO     king       获取标题为<<【权力的游戏】1-6季 超清无删减双语字幕 吐血整理>>的项成功 ...

2016-08-17 01:21:34,602 INFO     king       获取标题为<<【全网最超清蓝光】权力的游戏 1-6季 全季无删减>>的项成功 ...

2016-08-17 01:21:34,607 INFO     king       获取标题为<<自杀小队，老九门，微微，夏有乔木等无常>>的项成功 ...

2016-08-17 01:21:34,611 INFO     king       获取标题为<<1-6季高清无删减>>的项成功 ...

2016-08-17 01:21:34,615 INFO     king       获取标题为<<纣王与女娲的经典对话>>的项成功 ...

2016-08-17 01:21:34,618 INFO     king       获取标题为<<权利的游戏1-6季免费送>>的项成功 ...

2016-08-17 01:21:34,622 INFO     king       获取标题为<<权利的游戏>>的项成功 ...

2016-08-17 01:21:34,627 INFO     king       获取标题为<<贾玲瞿颖鬼畜洗脑神曲《女神和女汉子》>>的项成功 ...

2016-08-17 01:21:34,631 INFO     king       获取标题为<<看周星驰的电影，不仅可以笑，还可以提高语文水平！>>的项成功 ...

2016-08-17 01:21:34,634 INFO     king       获取标题为<<千年古尸出土，天地为之色变！>>的项成功 ...

2016-08-17 01:21:34,638 INFO     king       获取标题为<<权力的游戏一到六季～高清双语字幕无删减～要的戳进来～)>>的项成功 ...

2016-08-17 01:21:34,642 INFO     king       获取标题为<<1~6高清私>>的项成功 ...

2016-08-17 01:21:34,647 INFO     king       获取标题为<<日本的俳句是由中国汉诗的绝句发展而来的>>的项成功 ...

2016-08-17 01:21:34,651 INFO     king       获取标题为<<【吧主吧务勿删】权利的游戏全集云盘免费分享>>的项成功 ...

2016-08-17 01:21:34,655 INFO     king       获取标题为<<古代兵器图片欣赏，记得暖暖。>>的项成功 ...

2016-08-17 01:21:34,658 INFO     king       获取标题为<<喜欢我么Ia羹>>的项成功 ...

2016-08-17 01:21:34,663 INFO     king       获取标题为<<最近老是掉头发,洗头时掉特别的多，怎么可以止住脱发？>>的项成功 ...

2016-08-17 01:21:34,665 INFO     king       获取标题为<<权利的游戏>>的项成功 ...

2016-08-17 01:21:34,670 INFO     king       获取标题为<<权利的游戏1-6季超清>>的项成功 ...

2016-08-17 01:21:34,674 INFO     king       获取标题为<<权利的游戏1-6高清无删减>>的项成功 ...

2016-08-17 01:21:34,677 INFO     king       获取标题为<<权利的游戏>>的项成功 ...

2016-08-17 01:21:34,680 INFO     king       获取标题为<<【全网最高清蓝光】权力的游戏 1-6季 全季无删减>>的项成功 ...

2016-08-17 01:21:34,684 INFO     king       获取标题为<<权力的游戏>>的项成功 ...

2016-08-17 01:21:34,688 INFO     king       获取标题为<<权利的游戏1到6来吧>>的项成功 ...

2016-08-17 01:21:34,693 INFO     king       获取标题为<<【时光】我用一年，见证情感。[寻找兄妹及秀贴。]>>的项成功 ...

2016-08-17 01:21:34,697 INFO     king       获取标题为<<【权力的游戏】1-6季HD未删减版，整理合集>>的项成功 ...

2016-08-17 01:21:34,700 INFO     king       获取标题为<<街坊邻居>>的项成功 ...

2016-08-17 01:21:34,704 INFO     king       获取标题为<<权利的游戏1-6季全集>>的项成功 ...

2016-08-17 01:21:34,707 INFO     king       获取标题为<<1-6全！！>>的项成功 ...

2016-08-17 01:21:34,711 INFO     king       获取标题为<<冰与火之歌>>的项成功 ...

2016-08-17 01:21:34,716 INFO     king       获取标题为<<江湖象棋残局 第254集 马兵巧杀炮五卒，闷杀挂角记清楚>>的项成功 ...

2016-08-17 01:21:34,720 INFO     king       获取标题为<<权利的游戏，全>>的项成功 ...

2016-08-17 01:21:34,723 INFO     king       获取标题为<<真的不错哦０S提>>的项成功 ...

2016-08-17 01:21:34,727 INFO     king       获取标题为<<泪崩，花甲老人借钱买藏品独自离去，引发专家争议>>的项成功 ...

2016-08-17 01:21:34,732 INFO     king       获取标题为<<权力1-6无删减>>的项成功 ...

2016-08-17 01:21:34,736 INFO     king       获取标题为<<1~6季全看完了>>的项成功 ...

2016-08-17 01:21:35,417 INFO     king       Python 返回URUL:http://tieba.baidu.com/f?kw=权利的游戏&ie=utf-8&pn=100  数据成功

2016-08-17 01:21:35,851 INFO     king       获取标题为<<权利的游戏  1-6全季超清无删>>的项成功 ...

2016-08-17 01:21:35,855 INFO     king       获取标题为<<权利的游戏 全季1-6超清无删减>>的项成功 ...

2016-08-17 01:21:35,859 INFO     king       获取标题为<<权利的游戏1-6 全精校字幕版，不用等，秒发！>>的项成功 ...

2016-08-17 01:21:35,865 INFO     king       获取标题为<<脱吧女神 扒扒患“秒删癌”的欧弟是如何练就一颗“玻璃心”的！>>的项成功 ...

2016-08-17 01:21:35,868 INFO     king       获取标题为<<诚信>>的项成功 ...

2016-08-17 01:21:35,874 INFO     king       获取标题为<<谈谈如何看美剧>>的项成功 ...

2016-08-17 01:21:35,877 INFO     king       获取标题为<<1到6>>的项成功 ...

2016-08-17 01:21:35,881 INFO     king       获取标题为<<权利的游戏  高清未删减版  一到六季都有喔>>的项成功 ...

2016-08-17 01:21:35,884 INFO     king       获取标题为<<权利的游戏>>的项成功 ...

2016-08-17 01:21:35,888 INFO     king       获取标题为<<权利游戏1到6季>>的项成功 ...

2016-08-17 01:21:35,892 INFO     king       获取标题为<<【整理】权力的游戏1-6季全季全集整合好了，高清熟肉未删减版>>的项成功 ...

2016-08-17 01:21:35,895 INFO     king       获取标题为<<权利游戏1-6季>>的项成功 ...

2016-08-17 01:21:35,900 INFO     king       获取标题为<<日本逼迫少女沦为慰安妇，近日被美国人公开！看哭了~>>的项成功 ...

2016-08-17 01:21:35,904 INFO     king       获取标题为<<你会这么宠你女朋友吗>>的项成功 ...

2016-08-17 01:21:35,908 INFO     king       获取标题为<<第一季到第五季资源，百度网盘- ->>的项成功 ...

2016-08-17 01:21:35,911 INFO     king       获取标题为<<权力的游戏一到六季～高清双字幕无删减哦～>>的项成功 ...

2016-08-17 01:21:35,915 INFO     king       获取标题为<<权力的游戏>>的项成功 ...

2016-08-17 01:21:35,920 INFO     king       获取标题为<<权利的游戏1~6集高清未删节   想看的私我！>>的项成功 ...

2016-08-17 01:21:35,924 INFO     king       获取标题为<<男孩帮朋友去药店买保健品，然后就尴尬了>>的项成功 ...

2016-08-17 01:21:35,927 INFO     king       获取标题为<<【全季高清无删减】权利的游戏1-6全季 爱心大放送>>的项成功 ...

2016-08-17 01:21:35,931 INFO     king       获取标题为<<哈哈，前几天刚看完，呜呜>>的项成功 ...

2016-08-17 01:21:35,936 INFO     king       获取标题为<<权利的游戏1~6季高清无删减！>>的项成功 ...

2016-08-17 01:21:35,938 INFO     king       获取标题为<<权力游戏1--6季全集已看完，要的私>>的项成功 ...

2016-08-17 01:21:35,943 INFO     king       获取标题为<<6全，没看的大方爽快宝宝来>>的项成功 ...

2016-08-17 01:21:35,947 INFO     king       获取标题为<<权利的游戏，1－6季～高清无删减版>>的项成功 ...

2016-08-17 01:21:35,950 INFO     king       获取标题为<<权利的游戏1-6集高清无删减来啦>>的项成功 ...

2016-08-17 01:21:35,953 INFO     king       获取标题为<<权利的游戏1-6集>>的项成功 ...

2016-08-17 01:21:35,959 INFO     king       获取标题为<<第6季 何时出来！美剧看的基本没有了>>的项成功 ...

2016-08-17 01:21:35,963 INFO     king       获取标题为<<一言不合就发帖>>的项成功 ...

2016-08-17 01:21:35,967 INFO     king       获取标题为<<【高清】权利的游戏1―6季速取！>>的项成功 ...

2016-08-17 01:21:35,970 INFO     king       获取标题为<<【权力的游戏】>>的项成功 ...

2016-08-17 01:21:35,976 INFO     king       获取标题为<<开车别惹戴头盔的！因为骑摩托车的脾气都很暴躁>>的项成功 ...

2016-08-17 01:21:35,979 INFO     king       获取标题为<<权力的游戏6季呦>>的项成功 ...

2016-08-17 01:21:35,983 INFO     king       获取标题为<<【精品】权利的游戏1-6季全季全集已经整理好，高清蓝光熟肉未删>>的项成功 ...

2016-08-17 01:21:35,986 INFO     king       获取标题为<<权利的游戏第六季>>的项成功 ...

2016-08-17 01:21:35,990 INFO     king       获取标题为<<权利的游戏>>的项成功 ...

2016-08-17 01:21:35,994 INFO     king       获取标题为<<权利游戏>>的项成功 ...

2016-08-17 01:21:35,999 INFO     king       获取标题为<<【资源】感觉还是冰与火之歌这个名字好听些，戳进来分享>>的项成功 ...

2016-08-17 01:21:36,002 INFO     king       获取标题为<<1-6季 持续更新>>的项成功 ...

2016-08-17 01:21:36,006 INFO     king       获取标题为<<权利的游戏 一到六季 ➕薇；GIUSI2908>>的项成功 ...

2016-08-17 01:21:36,009 INFO     king       获取标题为<<权力游戏六季全集，冰与火小说前传>>的项成功 ...

2016-08-17 01:21:36,013 INFO     king       获取标题为<<权利的游戏1-6季 高清无删减 宝宝整理好分享给大家哦 楼扣1>>的项成功 ...

2016-08-17 01:21:36,017 INFO     king       获取标题为<<《权力的游戏》>>的项成功 ...

2016-08-17 01:21:36,022 INFO     king       获取标题为<<1-6季高清无删减>>的项成功 ...

2016-08-17 01:21:36,026 INFO     king       获取标题为<<自杀小队，怪奇物语，使徒行者，盗墓笔记>>的项成功 ...

2016-08-17 01:21:36,029 INFO     king       获取标题为<<权利的游戏，超清或蓝光，我直接给红包，>>的项成功 ...

2016-08-17 01:21:36,033 INFO     king       获取标题为<<权力的游戏s1—s6高清未删>>的项成功 ...

2016-08-17 01:21:36,038 INFO     king       获取标题为<<权利的游戏1-6全集>>的项成功 ...

2016-08-17 01:21:36,040 INFO     king       获取标题为<<看完权游1~6季了，被龙母美哭>>的项成功 ...

2016-08-17 01:21:36,046 INFO     king       获取标题为<<七旬老人用刀出神入化，竟能在纸上刻出牛鬼蛇神，却后继无人！>>的项成功 ...

2016-08-17 01:21:36,711 INFO     king       Python 返回URUL:http://tieba.baidu.com/f?kw=权利的游戏&ie=utf-8&pn=150  数据成功

2016-08-17 01:21:37,173 INFO     king       获取标题为<<免费给没人顶，>>的项成功 ...

2016-08-17 01:21:37,177 INFO     king       获取标题为<<权利的游戏1~6季整理好的,高清>>的项成功 ...

2016-08-17 01:21:37,180 INFO     king       获取标题为<<权利的游戏全季>>的项成功 ...

2016-08-17 01:21:37,184 INFO     king       获取标题为<<小妮子的资源库の权游の1-6季>>的项成功 ...

2016-08-17 01:21:37,188 INFO     king       获取标题为<<权利的游戏1-6季>>的项成功 ...

2016-08-17 01:21:37,193 INFO     king       获取标题为<<权利的游戏1到6季高清未删减>>的项成功 ...

2016-08-17 01:21:37,196 INFO     king       获取标题为<<1到6季>>的项成功 ...

2016-08-17 01:21:37,200 INFO     king       获取标题为<<权利的游戏1~6高清无删减>>的项成功 ...

2016-08-17 01:21:37,203 INFO     king       获取标题为<<权力的游戏谁要，不用加微信>>的项成功 ...

2016-08-17 01:21:37,207 INFO     king       获取标题为<<权利的游戏，1-6季，no. money>>的项成功 ...

2016-08-17 01:21:37,210 INFO     king       获取标题为<<豪车搭讪比基尼美女遇尴尬>>的项成功 ...

2016-08-17 01:21:37,216 INFO     king       获取标题为<<菲尔普斯解释赛后的落泪，“对我来说这是好事，我终于能回过头来，>>的项成功 ...

2016-08-17 01:21:37,220 INFO     king       获取标题为<<权利的游戏1-6>>的项成功 ...

2016-08-17 01:21:37,223 INFO     king       获取标题为<<权力的游戏1-6高清未删减>>的项成功 ...

2016-08-17 01:21:37,226 INFO     king       获取标题为<<吧友们千万别点那些假链接！都是病毒！>>的项成功 ...

2016-08-17 01:21:37,230 INFO     king       获取标题为<<王宝强问了刘德华一个问题，刘德华不懂回答，我们也不懂>>的项成功 ...

2016-08-17 01:21:37,234 INFO     king       获取标题为<<高兴的时候，像疯子；难过的时候，就成了傻子.....>>的项成功 ...

2016-08-17 01:21:37,239 INFO     king       获取标题为<<360 权利的游戏 所有 打包分享>>的项成功 ...

2016-08-17 01:21:37,242 INFO     king       获取标题为<<《权利的游戏》1-5季合集+第六季持续更新哦，手慢无！！！>>的项成功 ...

2016-08-17 01:21:37,246 INFO     king       获取标题为<<你们听过最烂的分手理由是什么？？？？>>的项成功 ...

2016-08-17 01:21:37,250 INFO     king       获取标题为<<权利的游戏1到6季全>>的项成功 ...

2016-08-17 01:21:37,253 INFO     king       获取标题为<<【权利的游戏】超清珍藏版的>>的项成功 ...

2016-08-17 01:21:37,257 INFO     king       获取标题为<<各位大哥，帮小弟弟一个忙>>的项成功 ...

2016-08-17 01:21:37,262 INFO     king       获取标题为<<#尖叫耐撕男女# 耿直boy为阻止美女插队卖的这个萌我给100>>的项成功 ...

2016-08-17 01:21:37,265 INFO     king       获取标题为<<高兴的时候，像疯子；难过的时候，就成了傻子.....>>的项成功 ...

2016-08-17 01:21:37,269 INFO     king       获取标题为<<1到6全，超清的喔>>的项成功 ...

2016-08-17 01:21:37,272 INFO     king       获取标题为<<权利的游戏资源急宅送！>>的项成功 ...

2016-08-17 01:21:37,276 INFO     king       获取标题为<<【权利的游戏】1-6高清无删减，吐血整理>>的项成功 ...

2016-08-17 01:21:37,279 INFO     king       获取标题为<<还在到处找资源吗？我这有>>的项成功 ...

2016-08-17 01:21:37,283 INFO     king       获取标题为<<权力的游戏>>的项成功 ...

2016-08-17 01:21:37,288 INFO     king       获取标题为<<为什么必须要十个字呢>>的项成功 ...

2016-08-17 01:21:37,290 INFO     king       获取标题为<<360云盘1-5季无删减>>的项成功 ...

2016-08-17 01:21:37,295 INFO     king       获取标题为<<碰瓷党真够狠！ 砸断手指骗赔偿>>的项成功 ...

2016-08-17 01:21:37,299 INFO     king       获取标题为<<权利游戏>>的项成功 ...

2016-08-17 01:21:37,302 INFO     king       获取标题为<<简单的方法解决手指骨骨刺、关节炎、手指僵硬、腱鞘炎>>的项成功 ...

2016-08-17 01:21:37,308 INFO     king       获取标题为<<《权力的游戏》十集完结，免费>>的项成功 ...

2016-08-17 01:21:37,312 INFO     king       获取标题为<<权利的游戏1-6季>>的项成功 ...

2016-08-17 01:21:37,316 INFO     king       获取标题为<<不知道这个有人发过么。。。。。时光之轮TV化>>的项成功 ...

2016-08-17 01:21:37,321 INFO     king       获取标题为<<医生让病人去验尿，结果病人把尿给咽下去了！>>的项成功 ...

2016-08-17 01:21:37,323 INFO     king       获取标题为<<权利的游戏>>的项成功 ...

2016-08-17 01:21:37,328 INFO     king       获取标题为<<无删减  送啦  高清哦>>的项成功 ...

2016-08-17 01:21:37,332 INFO     king       获取标题为<<马蓉状告王宝强“侵权” 王宝强聘“李天一案”律师张起淮 ！>>的项成功 ...

2016-08-17 01:21:37,335 INFO     king       获取标题为<<【全季高清无删减】权利的游戏1-6全季 爱心大放送>>的项成功 ...

2016-08-17 01:21:37,339 INFO     king       获取标题为<<1上海陆家嘴7四季酒店9完整版，把这根可爱的黄瓜送给各位单身的女士>>的项成功 ...

2016-08-17 01:21:37,342 INFO     king       获取标题为<<7上海陆家嘴5四季酒店4完整版，把这根可爱的黄瓜送给各位单身的女士>>的项成功 ...

2016-08-17 01:21:37,346 INFO     king       获取标题为<<权力的游戏>>的项成功 ...

2016-08-17 01:21:37,351 INFO     king       获取标题为<<回顾冰与火之歌的经典台词>>的项成功 ...

2016-08-17 01:21:37,355 INFO     king       获取标题为<<第七季啥时候出？>>的项成功 ...

2016-08-17 01:21:37,359 INFO     king       获取标题为<<权利的游戏1—6>>的项成功 ...

2016-08-17 01:21:37,362 INFO     king       获取标题为<<熟肉 已经出了>>的项成功 ...

2016-08-17 01:21:38,200 INFO     king       Python 返回URUL:http://tieba.baidu.com/f?kw=权利的游戏&ie=utf-8&pn=200  数据成功

2016-08-17 01:21:38,602 INFO     king       获取标题为<<权利的游戏 无删减  1-6季>>的项成功 ...

2016-08-17 01:21:38,607 INFO     king       获取标题为<<权利要的滴滴>>的项成功 ...

2016-08-17 01:21:38,611 INFO     king       获取标题为<<权力的游戏1～6季>>的项成功 ...

2016-08-17 01:21:38,615 INFO     king       获取标题为<<权利的游戏一到六季超清>>的项成功 ...

2016-08-17 01:21:38,618 INFO     king       获取标题为<<无偿给你的咯，而且很方便！>>的项成功 ...

2016-08-17 01:21:38,622 INFO     king       获取标题为<<吐血整理了～《权利的游戏》1～>>的项成功 ...

2016-08-17 01:21:38,627 INFO     king       获取标题为<<权利游戏1-6全>>的项成功 ...

2016-08-17 01:21:38,631 INFO     king       获取标题为<<刚刚整理了一到六季，要的朋友扣1>>的项成功 ...

2016-08-17 01:21:38,634 INFO     king       获取标题为<<权利的游戏>>的项成功 ...

2016-08-17 01:21:38,638 INFO     king       获取标题为<<权力的游戏>>的项成功 ...

2016-08-17 01:21:38,641 INFO     king       获取标题为<<冰火   全季 高清无删>>的项成功 ...

2016-08-17 01:21:38,645 INFO     king       获取标题为<<疯狂！3米巨蜥大战毒蛇瞬间>>的项成功 ...

2016-08-17 01:21:38,650 INFO     king       获取标题为<<冰火    6季全集 高清无删！>>的项成功 ...

2016-08-17 01:21:38,654 INFO     king       获取标题为<<我还以为是小指头>>的项成功 ...

2016-08-17 01:21:38,657 INFO     king       获取标题为<<第一次玩贴吧，爆个照，不过为什么我弄了半天>>的项成功 ...

2016-08-17 01:21:38,661 INFO     king       获取标题为<<权利的游戏完全整理Winter is Coming>>的项成功 ...

2016-08-17 01:21:38,665 INFO     king       获取标题为<<当心小偷 小偷太猖狂 一夜连偷5家店>>的项成功 ...

2016-08-17 01:21:38,668 INFO     king       获取标题为<<权力的游戏 高清 无删减>>的项成功 ...

2016-08-17 01:21:38,673 INFO     king       获取标题为<<权利的游戏一到六季全>>的项成功 ...

2016-08-17 01:21:38,677 INFO     king       获取标题为<<豆豆在哪个地方，说下楼主帮你解决哦>>的项成功 ...

2016-08-17 01:21:38,680 INFO     king       获取标题为<<1-6季已集齐，要的戳进来啊>>的项成功 ...

2016-08-17 01:21:38,684 INFO     king       获取标题为<<权力的游戏  全集 1080p>>的项成功 ...

2016-08-17 01:21:38,688 INFO     king       获取标题为<<整理了很多美剧，要看的来>>的项成功 ...

2016-08-17 01:21:38,693 INFO     king       获取标题为<<为什么,男人容易掉头发，求不掉发秘诀？>>的项成功 ...

2016-08-17 01:21:38,697 INFO     king       获取标题为<<整理好的权利的游戏六季，有需要的吗？>>的项成功 ...

2016-08-17 01:21:38,700 INFO     king       获取标题为<<权利的游戏>>的项成功 ...

2016-08-17 01:21:38,703 INFO     king       获取标题为<<权利的游戏>>的项成功 ...

2016-08-17 01:21:38,709 INFO     king       获取标题为<<权利的游戏第5季-6季，高清无删减版，要的来！>>的项成功 ...

2016-08-17 01:21:38,711 INFO     king       获取标题为<<权利的游戏，行尸走肉等电视剧电影>>的项成功 ...

2016-08-17 01:21:38,716 INFO     king       获取标题为<<权力的游戏>>的项成功 ...

2016-08-17 01:21:38,720 INFO     king       获取标题为<<6季全，还是无删减的噢～>>的项成功 ...

2016-08-17 01:21:38,723 INFO     king       获取标题为<<王宝强喝醉后感觉还是这么老实>>的项成功 ...

2016-08-17 01:21:38,727 INFO     king       获取标题为<<全集全季全集>>的项成功 ...

2016-08-17 01:21:38,732 INFO     king       获取标题为<<你闹剧荒啦吗，来看看美剧>>的项成功 ...

2016-08-17 01:21:38,736 INFO     king       获取标题为<<权利的游戏>>的项成功 ...

2016-08-17 01:21:38,739 INFO     king       获取标题为<<求资源啊>>的项成功 ...

2016-08-17 01:21:38,743 INFO     king       获取标题为<<【高清】权利的游戏1-6全季 高清无删减>>的项成功 ...

2016-08-17 01:21:38,746 INFO     king       获取标题为<<权力的游戏1-6季>>的项成功 ...

2016-08-17 01:21:38,750 INFO     king       获取标题为<<第六季>>的项成功 ...

2016-08-17 01:21:38,753 INFO     king       获取标题为<<全季资源找宝宝哦～>>的项成功 ...

2016-08-17 01:21:38,757 INFO     king       获取标题为<<权利的游戏 1-6季>>的项成功 ...

2016-08-17 01:21:38,762 INFO     king       获取标题为<<美丽烟花照亮整片天空瞬间>>的项成功 ...

2016-08-17 01:21:38,765 INFO     king       获取标题为<<马rong>>的项成功 ...

2016-08-17 01:21:38,769 INFO     king       获取标题为<<一到六季  全部>>的项成功 ...

2016-08-17 01:21:38,772 INFO     king       获取标题为<<【权力的游戏】  1-6季 高清无删减  各种镜头都有  艹与杀之歌>>的项成功 ...

2016-08-17 01:21:38,776 INFO     king       获取标题为<<权力的游戏六季全>>的项成功 ...

2016-08-17 01:21:38,779 INFO     king       获取标题为<<权利1-6季高清熟肉，送送送，龙妈又出新剧>>的项成功 ...

2016-08-17 01:21:38,783 INFO     king       获取标题为<<权利的游戏1-6季>>的项成功 ...

2016-08-17 01:21:38,788 INFO     king       获取标题为<<权利的游戏1-6季全部>>的项成功 ...

2016-08-17 01:21:38,792 INFO     king       获取标题为<<这是谁？>>的项成功 ...

2016-08-17 01:21:38,825 INFO     king       标题为<<权利的游戏1~6季绝对高清无删减！！！>>的项输入到"百度贴吧_权利的游戏.txt"成功

2016-08-17 01:21:38,825 INFO     king       标题为<<权利的游戏 1-6季 全高清整理，无删减>>的项输入到"百度贴吧_权利的游戏.txt"成功

2016-08-17 01:21:38,825 INFO     king       标题为<<【整理】权力的游戏1-6季全季全集整合好了，高清熟肉未删减版！>>的项输入到"百度贴吧_权利的游戏.txt"成功

2016-08-17 01:21:38,826 INFO     king       标题为<<权利的游戏 ，1-6全 高清无删减>>的项输入到"百度贴吧_权利的游戏.txt"成功

2016-08-17 01:21:38,826 INFO     king       标题为<<给你一个最新的1。8。🈲。片>>的项输入到"百度贴吧_权利的游戏.txt"成功

2016-08-17 01:21:38,826 INFO     king       标题为<<吐血整理1-6季无删减高清>>的项输入到"百度贴吧_权利的游戏.txt"成功

2016-08-17 01:21:38,826 INFO     king       标题为<<权力的游戏>>的项输入到"百度贴吧_权利的游戏.txt"成功

2016-08-17 01:21:38,826 INFO     king       标题为<<来不及解释了wo>>的项输入到"百度贴吧_权利的游戏.txt"成功

2016-08-17 01:21:38,826 INFO     king       标题为<<权利的游戏  1-6季  全高清整理，无删减>>的项输入到"百度贴吧_权利的游戏.txt"成功

2016-08-17 01:21:38,826 INFO     king       标题为<<权利的游戏 1-6季 全>>的项输入到"百度贴吧_权利的游戏.txt"成功

2016-08-17 01:21:38,828 INFO     king       标题为<<权利的游戏1-6无删减全集高清【整理】在线观看>>的项输入到"百度贴吧_权利的游戏.txt"成功

2016-08-17 01:21:38,828 INFO     king       标题为<<权利的游戏1-6季高清无删减~~>>的项输入到"百度贴吧_权利的游戏.txt"成功

2016-08-17 01:21:38,828 INFO     king       标题为<<权利的游戏 1-6  蓝光未删减 超多汁源 无私分享>>的项输入到"百度贴吧_权利的游戏.txt"成功

2016-08-17 01:21:38,828 INFO     king       标题为<<权利的游戏1-6季集齐了奥>>的项输入到"百度贴吧_权利的游戏.txt"成功

2016-08-17 01:21:38,828 INFO     king       标题为<<权利的游戏，1到6季高清无删减，吐血整理>>的项输入到"百度贴吧_权利的游戏.txt"成功

2016-08-17 01:21:38,828 INFO     king       标题为<<【真丨发】权力的游戏1-6季无删！无偿FX！>>的项输入到"百度贴吧_权利的游戏.txt"成功

2016-08-17 01:21:38,828 INFO     king       标题为<<权利的游戏！>>的项输入到"百度贴吧_权利的游戏.txt"成功

2016-08-17 01:21:38,828 INFO     king       标题为<<【放大招】权利的游戏超清蓝光典藏版>>的项输入到"百度贴吧_权利的游戏.txt"成功

2016-08-17 01:21:38,828 INFO     king       标题为<<大型资源站，权力游戏>>的项输入到"百度贴吧_权利的游戏.txt"成功

2016-08-17 01:21:38,828 INFO     king       标题为<<权力的游戏丨行尸走肉丨斯巴达克斯丨无耻之徒等等百部美剧！>>的项输入到"百度贴吧_权利的游戏.txt"成功

2016-08-17 01:21:38,828 INFO     king       标题为<<【TO权迷】你们爱的权游！1-6季高清无删减版精心整理！FOR YOU~>>的项输入到"百度贴吧_权利的游戏.txt"成功

2016-08-17 01:21:38,828 INFO     king       标题为<<【权利的游戏】全部六季已经整理好了！！>>的项输入到"百度贴吧_权利的游戏.txt"成功

2016-08-17 01:21:38,829 INFO     king       标题为<<奇葩……被美女强吻后，我的嘴腐烂了！>>的项输入到"百度贴吧_权利的游戏.txt"成功

2016-08-17 01:21:38,829 INFO     king       标题为<<【TO权迷】你们爱的权游！1-6季高清无删减版精心整理！FOR YOU~>>的项输入到"百度贴吧_权利的游戏.txt"成功

2016-08-17 01:21:38,829 INFO     king       标题为<<权利的游戏1-6熟肉>>的项输入到"百度贴吧_权利的游戏.txt"成功

2016-08-17 01:21:38,829 INFO     king       标题为<<【权力的游戏】6_季_度_盘_合_集>>的项输入到"百度贴吧_权利的游戏.txt"成功

2016-08-17 01:21:38,829 INFO     king       标题为<<【资源】你要的我都有>>的项输入到"百度贴吧_权利的游戏.txt"成功

2016-08-17 01:21:38,829 INFO     king       标题为<<【资源】各种韩国小电影 动画片电视剧 热门电影>>的项输入到"百度贴吧_权利的游戏.txt"成功

2016-08-17 01:21:38,831 INFO     king       标题为<<【1-6】全集高清。我刚刚看完。结局太狗血了。你们自己看吧>>的项输入到"百度贴吧_权利的游戏.txt"成功

2016-08-17 01:21:38,831 INFO     king       标题为<<全集，谁要>>的项输入到"百度贴吧_权利的游戏.txt"成功

2016-08-17 01:21:38,831 INFO     king       标题为<<抛锚作业：这不是气车抛锚，而是货轮停止不被漂走的利器！>>的项输入到"百度贴吧_权利的游戏.txt"成功

2016-08-17 01:21:38,831 INFO     king       标题为<<权利的游戏 超清秒发>>的项输入到"百度贴吧_权利的游戏.txt"成功

2016-08-17 01:21:38,831 INFO     king       标题为<<权利的游戏 1到6季  资源分享 需要的点进来>>的项输入到"百度贴吧_权利的游戏.txt"成功

2016-08-17 01:21:38,831 INFO     king       标题为<<怎么才能止住脱发呢?有没有方便易行的办法啊？>>的项输入到"百度贴吧_权利的游戏.txt"成功

2016-08-17 01:21:38,831 INFO     king       标题为<<权利的游戏有爱se群45035'597，哈哈>>的项输入到"百度贴吧_权利的游戏.txt"成功

2016-08-17 01:21:38,832 INFO     king       标题为<<【权力的游戏】已看完6季 龙母好强大 雪诺好帅>>的项输入到"百度贴吧_权利的游戏.txt"成功

2016-08-17 01:21:38,832 INFO     king       标题为<<有人吗>>的项输入到"百度贴吧_权利的游戏.txt"成功

2016-08-17 01:21:38,832 INFO     king       标题为<<权利的游戏1-6高清无删珍藏版>>的项输入到"百度贴吧_权利的游戏.txt"成功

2016-08-17 01:21:38,832 INFO     king       标题为<<权利的游戏1-6>>的项输入到"百度贴吧_权利的游戏.txt"成功

2016-08-17 01:21:38,832 INFO     king       标题为<<iphone或者ipad，每天体验app就有8O～1OO，月3000>>的项输入到"百度贴吧_权利的游戏.txt"成功

2016-08-17 01:21:38,832 INFO     king       标题为<<嘤嘤嘤   加油>>的项输入到"百度贴吧_权利的游戏.txt"成功

2016-08-17 01:21:38,832 INFO     king       标题为<<权利的游戏  1-6季全 高清无删减 分享了>>的项输入到"百度贴吧_权利的游戏.txt"成功

2016-08-17 01:21:38,832 INFO     king       标题为<<权利的游戏1-6进来哦>>的项输入到"百度贴吧_权利的游戏.txt"成功

2016-08-17 01:21:38,832 INFO     king       标题为<<分，享，全集，棉，，，费>>的项输入到"百度贴吧_权利的游戏.txt"成功

2016-08-17 01:21:38,832 INFO     king       标题为<<未删减版全>>的项输入到"百度贴吧_权利的游戏.txt"成功

2016-08-17 01:21:38,832 INFO     king       标题为<<权利的游戏1-6高清无删减>>的项输入到"百度贴吧_权利的游戏.txt"成功

2016-08-17 01:21:38,834 INFO     king       标题为<<首发 权利的游戏全集在线秒发>>的项输入到"百度贴吧_权利的游戏.txt"成功

2016-08-17 01:21:38,834 INFO     king       标题为<<权利的游戏6季>>的项输入到"百度贴吧_权利的游戏.txt"成功

2016-08-17 01:21:38,834 INFO     king       标题为<<权利的游戏以外的东西   好搞笑>>的项输入到"百度贴吧_权利的游戏.txt"成功

2016-08-17 01:21:38,834 INFO     king       标题为<<权利的游戏无删减哈哈哈>>的项输入到"百度贴吧_权利的游戏.txt"成功

2016-08-17 01:21:38,834 INFO     king       标题为<<权利的游戏1-6整理>>的项输入到"百度贴吧_权利的游戏.txt"成功

2016-08-17 01:21:38,834 INFO     king       标题为<<权利的游戏 1-6季 ➕ we>>的项输入到"百度贴吧_权利的游戏.txt"成功

2016-08-17 01:21:38,835 INFO     king       标题为<<权利的游戏1-6高清>>的项输入到"百度贴吧_权利的游戏.txt"成功

2016-08-17 01:21:38,835 INFO     king       标题为<<权利的游戏 1-6季 ➕ we>>的项输入到"百度贴吧_权利的游戏.txt"成功

2016-08-17 01:21:38,835 INFO     king       标题为<<权利的游戏>>的项输入到"百度贴吧_权利的游戏.txt"成功

2016-08-17 01:21:38,835 INFO     king       标题为<<合租美女遇到贱男，无语了，太逗了！>>的项输入到"百度贴吧_权利的游戏.txt"成功

2016-08-17 01:21:38,835 INFO     king       标题为<<吐血整理全季全集无删节 需要的宝宝来 老司机开车了>>的项输入到"百度贴吧_权利的游戏.txt"成功

2016-08-17 01:21:38,835 INFO     king       标题为<<吐血整理1--6季>>的项输入到"百度贴吧_权利的游戏.txt"成功

2016-08-17 01:21:38,835 INFO     king       标题为<<交行网申教程>>的项输入到"百度贴吧_权利的游戏.txt"成功

2016-08-17 01:21:38,835 INFO     king       标题为<<【妹妹·交流】【图楼】BAALAA>>的项输入到"百度贴吧_权利的游戏.txt"成功

2016-08-17 01:21:38,835 INFO     king       标题为<<【整理】权利的游戏1-6季高清无删减 要的加whpu4610>>的项输入到"百度贴吧_权利的游戏.txt"成功

2016-08-17 01:21:38,835 INFO     king       标题为<<七月鬼节禁忌！万万要小心！>>的项输入到"百度贴吧_权利的游戏.txt"成功

2016-08-17 01:21:38,835 INFO     king       标题为<<【权力的游戏】1-6季 超清无删减双语字幕 吐血整理>>的项输入到"百度贴吧_权利的游戏.txt"成功

2016-08-17 01:21:38,835 INFO     king       标题为<<【全网最超清蓝光】权力的游戏 1-6季 全季无删减>>的项输入到"百度贴吧_权利的游戏.txt"成功

2016-08-17 01:21:38,835 INFO     king       标题为<<自杀小队，老九门，微微，夏有乔木等无常>>的项输入到"百度贴吧_权利的游戏.txt"成功

2016-08-17 01:21:38,835 INFO     king       标题为<<1-6季高清无删减>>的项输入到"百度贴吧_权利的游戏.txt"成功

2016-08-17 01:21:38,836 INFO     king       标题为<<纣王与女娲的经典对话>>的项输入到"百度贴吧_权利的游戏.txt"成功

2016-08-17 01:21:38,836 INFO     king       标题为<<权利的游戏1-6季免费送>>的项输入到"百度贴吧_权利的游戏.txt"成功

2016-08-17 01:21:38,836 INFO     king       标题为<<权利的游戏>>的项输入到"百度贴吧_权利的游戏.txt"成功

2016-08-17 01:21:38,836 INFO     king       标题为<<贾玲瞿颖鬼畜洗脑神曲《女神和女汉子》>>的项输入到"百度贴吧_权利的游戏.txt"成功

2016-08-17 01:21:38,836 INFO     king       标题为<<看周星驰的电影，不仅可以笑，还可以提高语文水平！>>的项输入到"百度贴吧_权利的游戏.txt"成功

2016-08-17 01:21:38,836 INFO     king       标题为<<千年古尸出土，天地为之色变！>>的项输入到"百度贴吧_权利的游戏.txt"成功

2016-08-17 01:21:38,836 INFO     king       标题为<<权力的游戏一到六季～高清双语字幕无删减～要的戳进来～)>>的项输入到"百度贴吧_权利的游戏.txt"成功

2016-08-17 01:21:38,838 INFO     king       标题为<<1~6高清私>>的项输入到"百度贴吧_权利的游戏.txt"成功

2016-08-17 01:21:38,838 INFO     king       标题为<<日本的俳句是由中国汉诗的绝句发展而来的>>的项输入到"百度贴吧_权利的游戏.txt"成功

2016-08-17 01:21:38,838 INFO     king       标题为<<【吧主吧务勿删】权利的游戏全集云盘免费分享>>的项输入到"百度贴吧_权利的游戏.txt"成功

2016-08-17 01:21:38,838 INFO     king       标题为<<古代兵器图片欣赏，记得暖暖。>>的项输入到"百度贴吧_权利的游戏.txt"成功

2016-08-17 01:21:38,838 INFO     king       标题为<<喜欢我么Ia羹>>的项输入到"百度贴吧_权利的游戏.txt"成功

2016-08-17 01:21:38,838 INFO     king       标题为<<最近老是掉头发,洗头时掉特别的多，怎么可以止住脱发？>>的项输入到"百度贴吧_权利的游戏.txt"成功

2016-08-17 01:21:38,838 INFO     king       标题为<<权利的游戏>>的项输入到"百度贴吧_权利的游戏.txt"成功

2016-08-17 01:21:38,838 INFO     king       标题为<<权利的游戏1-6季超清>>的项输入到"百度贴吧_权利的游戏.txt"成功

2016-08-17 01:21:38,838 INFO     king       标题为<<权利的游戏1-6高清无删减>>的项输入到"百度贴吧_权利的游戏.txt"成功

2016-08-17 01:21:38,838 INFO     king       标题为<<权利的游戏>>的项输入到"百度贴吧_权利的游戏.txt"成功

2016-08-17 01:21:38,838 INFO     king       标题为<<【全网最高清蓝光】权力的游戏 1-6季 全季无删减>>的项输入到"百度贴吧_权利的游戏.txt"成功

2016-08-17 01:21:38,838 INFO     king       标题为<<权力的游戏>>的项输入到"百度贴吧_权利的游戏.txt"成功

2016-08-17 01:21:38,839 INFO     king       标题为<<权利的游戏1到6来吧>>的项输入到"百度贴吧_权利的游戏.txt"成功

2016-08-17 01:21:38,839 INFO     king       标题为<<【时光】我用一年，见证情感。[寻找兄妹及秀贴。]>>的项输入到"百度贴吧_权利的游戏.txt"成功

2016-08-17 01:21:38,839 INFO     king       标题为<<【权力的游戏】1-6季HD未删减版，整理合集>>的项输入到"百度贴吧_权利的游戏.txt"成功

2016-08-17 01:21:38,839 INFO     king       标题为<<街坊邻居>>的项输入到"百度贴吧_权利的游戏.txt"成功

2016-08-17 01:21:38,839 INFO     king       标题为<<权利的游戏1-6季全集>>的项输入到"百度贴吧_权利的游戏.txt"成功

2016-08-17 01:21:38,839 INFO     king       标题为<<1-6全！！>>的项输入到"百度贴吧_权利的游戏.txt"成功

2016-08-17 01:21:38,839 INFO     king       标题为<<冰与火之歌>>的项输入到"百度贴吧_权利的游戏.txt"成功

2016-08-17 01:21:38,841 INFO     king       标题为<<江湖象棋残局 第254集 马兵巧杀炮五卒，闷杀挂角记清楚>>的项输入到"百度贴吧_权利的游戏.txt"成功

2016-08-17 01:21:38,841 INFO     king       标题为<<权利的游戏，全>>的项输入到"百度贴吧_权利的游戏.txt"成功

2016-08-17 01:21:38,841 INFO     king       标题为<<真的不错哦０S提>>的项输入到"百度贴吧_权利的游戏.txt"成功

2016-08-17 01:21:38,841 INFO     king       标题为<<泪崩，花甲老人借钱买藏品独自离去，引发专家争议>>的项输入到"百度贴吧_权利的游戏.txt"成功

2016-08-17 01:21:38,841 INFO     king       标题为<<权力1-6无删减>>的项输入到"百度贴吧_权利的游戏.txt"成功

2016-08-17 01:21:38,841 INFO     king       标题为<<1~6季全看完了>>的项输入到"百度贴吧_权利的游戏.txt"成功

2016-08-17 01:21:38,841 INFO     king       标题为<<权利的游戏  1-6全季超清无删>>的项输入到"百度贴吧_权利的游戏.txt"成功

2016-08-17 01:21:38,842 INFO     king       标题为<<权利的游戏 全季1-6超清无删减>>的项输入到"百度贴吧_权利的游戏.txt"成功

2016-08-17 01:21:38,842 INFO     king       标题为<<权利的游戏1-6 全精校字幕版，不用等，秒发！>>的项输入到"百度贴吧_权利的游戏.txt"成功

2016-08-17 01:21:38,842 INFO     king       标题为<<脱吧女神 扒扒患“秒删癌”的欧弟是如何练就一颗“玻璃心”的！>>的项输入到"百度贴吧_权利的游戏.txt"成功

2016-08-17 01:21:38,842 INFO     king       标题为<<诚信>>的项输入到"百度贴吧_权利的游戏.txt"成功

2016-08-17 01:21:38,842 INFO     king       标题为<<谈谈如何看美剧>>的项输入到"百度贴吧_权利的游戏.txt"成功

2016-08-17 01:21:38,842 INFO     king       标题为<<1到6>>的项输入到"百度贴吧_权利的游戏.txt"成功

2016-08-17 01:21:38,842 INFO     king       标题为<<权利的游戏  高清未删减版  一到六季都有喔>>的项输入到"百度贴吧_权利的游戏.txt"成功

2016-08-17 01:21:38,842 INFO     king       标题为<<权利的游戏>>的项输入到"百度贴吧_权利的游戏.txt"成功

2016-08-17 01:21:38,842 INFO     king       标题为<<权利游戏1到6季>>的项输入到"百度贴吧_权利的游戏.txt"成功

2016-08-17 01:21:38,842 INFO     king       标题为<<【整理】权力的游戏1-6季全季全集整合好了，高清熟肉未删减版>>的项输入到"百度贴吧_权利的游戏.txt"成功

2016-08-17 01:21:38,842 INFO     king       标题为<<权利游戏1-6季>>的项输入到"百度贴吧_权利的游戏.txt"成功

2016-08-17 01:21:38,842 INFO     king       标题为<<日本逼迫少女沦为慰安妇，近日被美国人公开！看哭了~>>的项输入到"百度贴吧_权利的游戏.txt"成功

2016-08-17 01:21:38,842 INFO     king       标题为<<你会这么宠你女朋友吗>>的项输入到"百度贴吧_权利的游戏.txt"成功

2016-08-17 01:21:38,844 INFO     king       标题为<<第一季到第五季资源，百度网盘- ->>的项输入到"百度贴吧_权利的游戏.txt"成功

2016-08-17 01:21:38,844 INFO     king       标题为<<权力的游戏一到六季～高清双字幕无删减哦～>>的项输入到"百度贴吧_权利的游戏.txt"成功

2016-08-17 01:21:38,844 INFO     king       标题为<<权力的游戏>>的项输入到"百度贴吧_权利的游戏.txt"成功

2016-08-17 01:21:38,844 INFO     king       标题为<<权利的游戏1~6集高清未删节   想看的私我！>>的项输入到"百度贴吧_权利的游戏.txt"成功

2016-08-17 01:21:38,844 INFO     king       标题为<<男孩帮朋友去药店买保健品，然后就尴尬了>>的项输入到"百度贴吧_权利的游戏.txt"成功

2016-08-17 01:21:38,844 INFO     king       标题为<<【全季高清无删减】权利的游戏1-6全季 爱心大放送>>的项输入到"百度贴吧_权利的游戏.txt"成功

2016-08-17 01:21:38,844 INFO     king       标题为<<哈哈，前几天刚看完，呜呜>>的项输入到"百度贴吧_权利的游戏.txt"成功

2016-08-17 01:21:38,845 INFO     king       标题为<<权利的游戏1~6季高清无删减！>>的项输入到"百度贴吧_权利的游戏.txt"成功

2016-08-17 01:21:38,845 INFO     king       标题为<<权力游戏1--6季全集已看完，要的私>>的项输入到"百度贴吧_权利的游戏.txt"成功

2016-08-17 01:21:38,845 INFO     king       标题为<<6全，没看的大方爽快宝宝来>>的项输入到"百度贴吧_权利的游戏.txt"成功

2016-08-17 01:21:38,845 INFO     king       标题为<<权利的游戏，1－6季～高清无删减版>>的项输入到"百度贴吧_权利的游戏.txt"成功

2016-08-17 01:21:38,845 INFO     king       标题为<<权利的游戏1-6集高清无删减来啦>>的项输入到"百度贴吧_权利的游戏.txt"成功

2016-08-17 01:21:38,845 INFO     king       标题为<<权利的游戏1-6集>>的项输入到"百度贴吧_权利的游戏.txt"成功

2016-08-17 01:21:38,845 INFO     king       标题为<<第6季 何时出来！美剧看的基本没有了>>的项输入到"百度贴吧_权利的游戏.txt"成功

2016-08-17 01:21:38,845 INFO     king       标题为<<一言不合就发帖>>的项输入到"百度贴吧_权利的游戏.txt"成功

2016-08-17 01:21:38,845 INFO     king       标题为<<【高清】权利的游戏1―6季速取！>>的项输入到"百度贴吧_权利的游戏.txt"成功

2016-08-17 01:21:38,845 INFO     king       标题为<<【权力的游戏】>>的项输入到"百度贴吧_权利的游戏.txt"成功

2016-08-17 01:21:38,845 INFO     king       标题为<<开车别惹戴头盔的！因为骑摩托车的脾气都很暴躁>>的项输入到"百度贴吧_权利的游戏.txt"成功

2016-08-17 01:21:38,846 INFO     king       标题为<<权力的游戏6季呦>>的项输入到"百度贴吧_权利的游戏.txt"成功

2016-08-17 01:21:38,846 INFO     king       标题为<<【精品】权利的游戏1-6季全季全集已经整理好，高清蓝光熟肉未删>>的项输入到"百度贴吧_权利的游戏.txt"成功

2016-08-17 01:21:38,846 INFO     king       标题为<<权利的游戏第六季>>的项输入到"百度贴吧_权利的游戏.txt"成功

2016-08-17 01:21:38,846 INFO     king       标题为<<权利的游戏>>的项输入到"百度贴吧_权利的游戏.txt"成功

2016-08-17 01:21:38,846 INFO     king       标题为<<权利游戏>>的项输入到"百度贴吧_权利的游戏.txt"成功

2016-08-17 01:21:38,848 INFO     king       标题为<<【资源】感觉还是冰与火之歌这个名字好听些，戳进来分享>>的项输入到"百度贴吧_权利的游戏.txt"成功

2016-08-17 01:21:38,848 INFO     king       标题为<<1-6季 持续更新>>的项输入到"百度贴吧_权利的游戏.txt"成功

2016-08-17 01:21:38,848 INFO     king       标题为<<权利的游戏 一到六季 ➕薇；GIUSI2908>>的项输入到"百度贴吧_权利的游戏.txt"成功

2016-08-17 01:21:38,848 INFO     king       标题为<<权力游戏六季全集，冰与火小说前传>>的项输入到"百度贴吧_权利的游戏.txt"成功

2016-08-17 01:21:38,848 INFO     king       标题为<<权利的游戏1-6季 高清无删减 宝宝整理好分享给大家哦 楼扣1>>的项输入到"百度贴吧_权利的游戏.txt"成功

2016-08-17 01:21:38,848 INFO     king       标题为<<《权力的游戏》>>的项输入到"百度贴吧_权利的游戏.txt"成功

2016-08-17 01:21:38,848 INFO     king       标题为<<1-6季高清无删减>>的项输入到"百度贴吧_权利的游戏.txt"成功

2016-08-17 01:21:38,848 INFO     king       标题为<<自杀小队，怪奇物语，使徒行者，盗墓笔记>>的项输入到"百度贴吧_权利的游戏.txt"成功

2016-08-17 01:21:38,848 INFO     king       标题为<<权利的游戏，超清或蓝光，我直接给红包，>>的项输入到"百度贴吧_权利的游戏.txt"成功

2016-08-17 01:21:38,848 INFO     king       标题为<<权力的游戏s1—s6高清未删>>的项输入到"百度贴吧_权利的游戏.txt"成功

2016-08-17 01:21:38,848 INFO     king       标题为<<权利的游戏1-6全集>>的项输入到"百度贴吧_权利的游戏.txt"成功

2016-08-17 01:21:38,848 INFO     king       标题为<<看完权游1~6季了，被龙母美哭>>的项输入到"百度贴吧_权利的游戏.txt"成功

2016-08-17 01:21:38,848 INFO     king       标题为<<七旬老人用刀出神入化，竟能在纸上刻出牛鬼蛇神，却后继无人！>>的项输入到"百度贴吧_权利的游戏.txt"成功

2016-08-17 01:21:38,849 INFO     king       标题为<<免费给没人顶，>>的项输入到"百度贴吧_权利的游戏.txt"成功

2016-08-17 01:21:38,849 INFO     king       标题为<<权利的游戏1~6季整理好的,高清>>的项输入到"百度贴吧_权利的游戏.txt"成功

2016-08-17 01:21:38,849 INFO     king       标题为<<权利的游戏全季>>的项输入到"百度贴吧_权利的游戏.txt"成功

2016-08-17 01:21:38,849 INFO     king       标题为<<小妮子的资源库の权游の1-6季>>的项输入到"百度贴吧_权利的游戏.txt"成功

2016-08-17 01:21:38,849 INFO     king       标题为<<权利的游戏1-6季>>的项输入到"百度贴吧_权利的游戏.txt"成功

2016-08-17 01:21:38,849 INFO     king       标题为<<权利的游戏1到6季高清未删减>>的项输入到"百度贴吧_权利的游戏.txt"成功

2016-08-17 01:21:38,849 INFO     king       标题为<<1到6季>>的项输入到"百度贴吧_权利的游戏.txt"成功

2016-08-17 01:21:38,851 INFO     king       标题为<<权利的游戏1~6高清无删减>>的项输入到"百度贴吧_权利的游戏.txt"成功

2016-08-17 01:21:38,851 INFO     king       标题为<<权力的游戏谁要，不用加微信>>的项输入到"百度贴吧_权利的游戏.txt"成功

2016-08-17 01:21:38,851 INFO     king       标题为<<权利的游戏，1-6季，no. money>>的项输入到"百度贴吧_权利的游戏.txt"成功

2016-08-17 01:21:38,851 INFO     king       标题为<<豪车搭讪比基尼美女遇尴尬>>的项输入到"百度贴吧_权利的游戏.txt"成功

2016-08-17 01:21:38,851 INFO     king       标题为<<菲尔普斯解释赛后的落泪，“对我来说这是好事，我终于能回过头来，>>的项输入到"百度贴吧_权利的游戏.txt"成功

2016-08-17 01:21:38,851 INFO     king       标题为<<权利的游戏1-6>>的项输入到"百度贴吧_权利的游戏.txt"成功

2016-08-17 01:21:38,851 INFO     king       标题为<<权力的游戏1-6高清未删减>>的项输入到"百度贴吧_权利的游戏.txt"成功

2016-08-17 01:21:38,851 INFO     king       标题为<<吧友们千万别点那些假链接！都是病毒！>>的项输入到"百度贴吧_权利的游戏.txt"成功

2016-08-17 01:21:38,851 INFO     king       标题为<<王宝强问了刘德华一个问题，刘德华不懂回答，我们也不懂>>的项输入到"百度贴吧_权利的游戏.txt"成功

2016-08-17 01:21:38,851 INFO     king       标题为<<高兴的时候，像疯子；难过的时候，就成了傻子.....>>的项输入到"百度贴吧_权利的游戏.txt"成功

2016-08-17 01:21:38,851 INFO     king       标题为<<360 权利的游戏 所有 打包分享>>的项输入到"百度贴吧_权利的游戏.txt"成功

2016-08-17 01:21:38,851 INFO     king       标题为<<《权利的游戏》1-5季合集+第六季持续更新哦，手慢无！！！>>的项输入到"百度贴吧_权利的游戏.txt"成功

2016-08-17 01:21:38,851 INFO     king       标题为<<你们听过最烂的分手理由是什么？？？？>>的项输入到"百度贴吧_权利的游戏.txt"成功

2016-08-17 01:21:38,852 INFO     king       标题为<<权利的游戏1到6季全>>的项输入到"百度贴吧_权利的游戏.txt"成功

2016-08-17 01:21:38,852 INFO     king       标题为<<【权利的游戏】超清珍藏版的>>的项输入到"百度贴吧_权利的游戏.txt"成功

2016-08-17 01:21:38,852 INFO     king       标题为<<各位大哥，帮小弟弟一个忙>>的项输入到"百度贴吧_权利的游戏.txt"成功

2016-08-17 01:21:38,852 INFO     king       标题为<<#尖叫耐撕男女# 耿直boy为阻止美女插队卖的这个萌我给100>>的项输入到"百度贴吧_权利的游戏.txt"成功

2016-08-17 01:21:38,852 INFO     king       标题为<<高兴的时候，像疯子；难过的时候，就成了傻子.....>>的项输入到"百度贴吧_权利的游戏.txt"成功

2016-08-17 01:21:38,854 INFO     king       标题为<<1到6全，超清的喔>>的项输入到"百度贴吧_权利的游戏.txt"成功

2016-08-17 01:21:38,854 INFO     king       标题为<<权利的游戏资源急宅送！>>的项输入到"百度贴吧_权利的游戏.txt"成功

2016-08-17 01:21:38,854 INFO     king       标题为<<【权利的游戏】1-6高清无删减，吐血整理>>的项输入到"百度贴吧_权利的游戏.txt"成功

2016-08-17 01:21:38,854 INFO     king       标题为<<还在到处找资源吗？我这有>>的项输入到"百度贴吧_权利的游戏.txt"成功

2016-08-17 01:21:38,854 INFO     king       标题为<<权力的游戏>>的项输入到"百度贴吧_权利的游戏.txt"成功

2016-08-17 01:21:38,854 INFO     king       标题为<<为什么必须要十个字呢>>的项输入到"百度贴吧_权利的游戏.txt"成功

2016-08-17 01:21:38,854 INFO     king       标题为<<360云盘1-5季无删减>>的项输入到"百度贴吧_权利的游戏.txt"成功

2016-08-17 01:21:38,855 INFO     king       标题为<<碰瓷党真够狠！ 砸断手指骗赔偿>>的项输入到"百度贴吧_权利的游戏.txt"成功

2016-08-17 01:21:38,855 INFO     king       标题为<<权利游戏>>的项输入到"百度贴吧_权利的游戏.txt"成功

2016-08-17 01:21:38,855 INFO     king       标题为<<简单的方法解决手指骨骨刺、关节炎、手指僵硬、腱鞘炎>>的项输入到"百度贴吧_权利的游戏.txt"成功

2016-08-17 01:21:38,855 INFO     king       标题为<<《权力的游戏》十集完结，免费>>的项输入到"百度贴吧_权利的游戏.txt"成功

2016-08-17 01:21:38,855 INFO     king       标题为<<权利的游戏1-6季>>的项输入到"百度贴吧_权利的游戏.txt"成功

2016-08-17 01:21:38,855 INFO     king       标题为<<不知道这个有人发过么。。。。。时光之轮TV化>>的项输入到"百度贴吧_权利的游戏.txt"成功

2016-08-17 01:21:38,855 INFO     king       标题为<<医生让病人去验尿，结果病人把尿给咽下去了！>>的项输入到"百度贴吧_权利的游戏.txt"成功

2016-08-17 01:21:38,855 INFO     king       标题为<<权利的游戏>>的项输入到"百度贴吧_权利的游戏.txt"成功

2016-08-17 01:21:38,855 INFO     king       标题为<<无删减  送啦  高清哦>>的项输入到"百度贴吧_权利的游戏.txt"成功

2016-08-17 01:21:38,855 INFO     king       标题为<<马蓉状告王宝强“侵权” 王宝强聘“李天一案”律师张起淮 ！>>的项输入到"百度贴吧_权利的游戏.txt"成功

2016-08-17 01:21:38,855 INFO     king       标题为<<【全季高清无删减】权利的游戏1-6全季 爱心大放送>>的项输入到"百度贴吧_权利的游戏.txt"成功

2016-08-17 01:21:38,855 INFO     king       标题为<<1上海陆家嘴7四季酒店9完整版，把这根可爱的黄瓜送给各位单身的女士>>的项输入到"百度贴吧_权利的游戏.txt"成功

2016-08-17 01:21:38,855 INFO     king       标题为<<7上海陆家嘴5四季酒店4完整版，把这根可爱的黄瓜送给各位单身的女士>>的项输入到"百度贴吧_权利的游戏.txt"成功

2016-08-17 01:21:38,857 INFO     king       标题为<<权力的游戏>>的项输入到"百度贴吧_权利的游戏.txt"成功

2016-08-17 01:21:38,857 INFO     king       标题为<<回顾冰与火之歌的经典台词>>的项输入到"百度贴吧_权利的游戏.txt"成功

2016-08-17 01:21:38,857 INFO     king       标题为<<第七季啥时候出？>>的项输入到"百度贴吧_权利的游戏.txt"成功

2016-08-17 01:21:38,857 INFO     king       标题为<<权利的游戏1—6>>的项输入到"百度贴吧_权利的游戏.txt"成功

2016-08-17 01:21:38,857 INFO     king       标题为<<熟肉 已经出了>>的项输入到"百度贴吧_权利的游戏.txt"成功

2016-08-17 01:21:38,857 INFO     king       标题为<<权利的游戏 无删减  1-6季>>的项输入到"百度贴吧_权利的游戏.txt"成功

2016-08-17 01:21:38,858 INFO     king       标题为<<权利要的滴滴>>的项输入到"百度贴吧_权利的游戏.txt"成功

2016-08-17 01:21:38,858 INFO     king       标题为<<权力的游戏1～6季>>的项输入到"百度贴吧_权利的游戏.txt"成功

2016-08-17 01:21:38,858 INFO     king       标题为<<权利的游戏一到六季超清>>的项输入到"百度贴吧_权利的游戏.txt"成功

2016-08-17 01:21:38,858 INFO     king       标题为<<无偿给你的咯，而且很方便！>>的项输入到"百度贴吧_权利的游戏.txt"成功

2016-08-17 01:21:38,858 INFO     king       标题为<<吐血整理了～《权利的游戏》1～>>的项输入到"百度贴吧_权利的游戏.txt"成功

2016-08-17 01:21:38,858 INFO     king       标题为<<权利游戏1-6全>>的项输入到"百度贴吧_权利的游戏.txt"成功

2016-08-17 01:21:38,858 INFO     king       标题为<<刚刚整理了一到六季，要的朋友扣1>>的项输入到"百度贴吧_权利的游戏.txt"成功

2016-08-17 01:21:38,858 INFO     king       标题为<<权利的游戏>>的项输入到"百度贴吧_权利的游戏.txt"成功

2016-08-17 01:21:38,858 INFO     king       标题为<<权力的游戏>>的项输入到"百度贴吧_权利的游戏.txt"成功

2016-08-17 01:21:38,858 INFO     king       标题为<<冰火   全季 高清无删>>的项输入到"百度贴吧_权利的游戏.txt"成功

2016-08-17 01:21:38,858 INFO     king       标题为<<疯狂！3米巨蜥大战毒蛇瞬间>>的项输入到"百度贴吧_权利的游戏.txt"成功

2016-08-17 01:21:38,859 INFO     king       标题为<<冰火    6季全集 高清无删！>>的项输入到"百度贴吧_权利的游戏.txt"成功

2016-08-17 01:21:38,859 INFO     king       标题为<<我还以为是小指头>>的项输入到"百度贴吧_权利的游戏.txt"成功

2016-08-17 01:21:38,859 INFO     king       标题为<<第一次玩贴吧，爆个照，不过为什么我弄了半天>>的项输入到"百度贴吧_权利的游戏.txt"成功

2016-08-17 01:21:38,859 INFO     king       标题为<<权利的游戏完全整理Winter is Coming>>的项输入到"百度贴吧_权利的游戏.txt"成功

2016-08-17 01:21:38,859 INFO     king       标题为<<当心小偷 小偷太猖狂 一夜连偷5家店>>的项输入到"百度贴吧_权利的游戏.txt"成功

2016-08-17 01:21:38,859 INFO     king       标题为<<权力的游戏 高清 无删减>>的项输入到"百度贴吧_权利的游戏.txt"成功

2016-08-17 01:21:38,859 INFO     king       标题为<<权利的游戏一到六季全>>的项输入到"百度贴吧_权利的游戏.txt"成功

2016-08-17 01:21:38,861 INFO     king       标题为<<豆豆在哪个地方，说下楼主帮你解决哦>>的项输入到"百度贴吧_权利的游戏.txt"成功

2016-08-17 01:21:38,861 INFO     king       标题为<<1-6季已集齐，要的戳进来啊>>的项输入到"百度贴吧_权利的游戏.txt"成功

2016-08-17 01:21:38,861 INFO     king       标题为<<权力的游戏  全集 1080p>>的项输入到"百度贴吧_权利的游戏.txt"成功

2016-08-17 01:21:38,861 INFO     king       标题为<<整理了很多美剧，要看的来>>的项输入到"百度贴吧_权利的游戏.txt"成功

2016-08-17 01:21:38,861 INFO     king       标题为<<为什么,男人容易掉头发，求不掉发秘诀？>>的项输入到"百度贴吧_权利的游戏.txt"成功

2016-08-17 01:21:38,861 INFO     king       标题为<<整理好的权利的游戏六季，有需要的吗？>>的项输入到"百度贴吧_权利的游戏.txt"成功

2016-08-17 01:21:38,861 INFO     king       标题为<<权利的游戏>>的项输入到"百度贴吧_权利的游戏.txt"成功

2016-08-17 01:21:38,861 INFO     king       标题为<<权利的游戏>>的项输入到"百度贴吧_权利的游戏.txt"成功

2016-08-17 01:21:38,861 INFO     king       标题为<<权利的游戏第5季-6季，高清无删减版，要的来！>>的项输入到"百度贴吧_权利的游戏.txt"成功

2016-08-17 01:21:38,861 INFO     king       标题为<<权利的游戏，行尸走肉等电视剧电影>>的项输入到"百度贴吧_权利的游戏.txt"成功

2016-08-17 01:21:38,861 INFO     king       标题为<<权力的游戏>>的项输入到"百度贴吧_权利的游戏.txt"成功

2016-08-17 01:21:38,861 INFO     king       标题为<<6季全，还是无删减的噢～>>的项输入到"百度贴吧_权利的游戏.txt"成功

2016-08-17 01:21:38,861 INFO     king       标题为<<王宝强喝醉后感觉还是这么老实>>的项输入到"百度贴吧_权利的游戏.txt"成功

2016-08-17 01:21:38,862 INFO     king       标题为<<全集全季全集>>的项输入到"百度贴吧_权利的游戏.txt"成功

2016-08-17 01:21:38,862 INFO     king       标题为<<你闹剧荒啦吗，来看看美剧>>的项输入到"百度贴吧_权利的游戏.txt"成功

2016-08-17 01:21:38,862 INFO     king       标题为<<权利的游戏>>的项输入到"百度贴吧_权利的游戏.txt"成功

2016-08-17 01:21:38,862 INFO     king       标题为<<求资源啊>>的项输入到"百度贴吧_权利的游戏.txt"成功

2016-08-17 01:21:38,862 INFO     king       标题为<<【高清】权利的游戏1-6全季 高清无删减>>的项输入到"百度贴吧_权利的游戏.txt"成功

2016-08-17 01:21:38,862 INFO     king       标题为<<权力的游戏1-6季>>的项输入到"百度贴吧_权利的游戏.txt"成功

2016-08-17 01:21:38,862 INFO     king       标题为<<第六季>>的项输入到"百度贴吧_权利的游戏.txt"成功

2016-08-17 01:21:38,864 INFO     king       标题为<<全季资源找宝宝哦～>>的项输入到"百度贴吧_权利的游戏.txt"成功

2016-08-17 01:21:38,864 INFO     king       标题为<<权利的游戏 1-6季>>的项输入到"百度贴吧_权利的游戏.txt"成功

2016-08-17 01:21:38,864 INFO     king       标题为<<美丽烟花照亮整片天空瞬间>>的项输入到"百度贴吧_权利的游戏.txt"成功

2016-08-17 01:21:38,864 INFO     king       标题为<<马rong>>的项输入到"百度贴吧_权利的游戏.txt"成功

2016-08-17 01:21:38,864 INFO     king       标题为<<一到六季  全部>>的项输入到"百度贴吧_权利的游戏.txt"成功

2016-08-17 01:21:38,864 INFO     king       标题为<<【权力的游戏】  1-6季 高清无删减  各种镜头都有  艹与杀之歌>>的项输入到"百度贴吧_权利的游戏.txt"成功

2016-08-17 01:21:38,864 INFO     king       标题为<<权力的游戏六季全>>的项输入到"百度贴吧_权利的游戏.txt"成功

2016-08-17 01:21:38,865 INFO     king       标题为<<权利1-6季高清熟肉，送送送，龙妈又出新剧>>的项输入到"百度贴吧_权利的游戏.txt"成功

2016-08-17 01:21:38,865 INFO     king       标题为<<权利的游戏1-6季>>的项输入到"百度贴吧_权利的游戏.txt"成功

2016-08-17 01:21:38,865 INFO     king       标题为<<权利的游戏1-6季全部>>的项输入到"百度贴吧_权利的游戏.txt"成功

2016-08-17 01:21:38,865 INFO     king       标题为<<这是谁？>>的项输入到"百度贴吧_权利的游戏.txt"成功

